log file: logs/241130-181322.log
--------------------------------------------------------------------------------
Config 1 (totally 1 configs)
No.1 training process of 5
>>> dataset: restaurant
>>> output_dir: output
>>> SRD: 5
>>> learning_rate: 3e-05
>>> use_unique_bert: True
>>> use_bert_spc: False
>>> local_context_focus: cdw
>>> num_train_epochs: 5.0
>>> train_batch_size: 16
>>> dropout: 0.0
>>> max_seq_length: 80
>>> eval_batch_size: 32
>>> eval_steps: 20
>>> gradient_accumulation_steps: 1
>>> config_path: experiments.json
>>> device: cpu
>>> seed: 1
>>> bert_model: bert-base-uncased
>>> data_dir: atepc_datasets/restaurant
***** Running training *****
  Num examples = 3545
  Batch size = 16
  Num steps = 1105
################################################################################
Train 1 Epoch1
################################################################################
################################################################################
Train 1 Epoch2
################################################################################
################################################################################
Train 1 Epoch3
################################################################################
################################################################################
Train 1 Epoch4
################################################################################
********************************************************************************
Train 1 Epoch4, Evaluate for atepc_datasets/restaurant
ATE_test_f1: 93.33(max:93.33)
Emotion_test_acc: 87.14(max: 87.14) Emotion_test_f1: 58.29(max: 58.29)
********************************************************************************
********************************************************************************
Train 1 Epoch4, Evaluate for atepc_datasets/restaurant
ATE_test_f1: 94.41(max:94.41)
Emotion_test_acc: 88.49(max: 88.49) Emotion_test_f1: 62.57(max: 62.57)
********************************************************************************
********************************************************************************
Train 1 Epoch4, Evaluate for atepc_datasets/restaurant
ATE_test_f1: 94.41(max:94.41)
Emotion_test_acc: 89.09(max: 89.09) Emotion_test_f1: 60.98(max: 62.57)
********************************************************************************
********************************************************************************
Train 1 Epoch4, Evaluate for atepc_datasets/restaurant
ATE_test_f1: 94.67(max:94.67)
Emotion_test_acc: 87.39(max: 89.09) Emotion_test_f1: 63.67(max: 63.67)
********************************************************************************
********************************************************************************
Train 1 Epoch4, Evaluate for atepc_datasets/restaurant
ATE_test_f1: 94.08(max:94.67)
Emotion_test_acc: 88.75(max: 89.09) Emotion_test_f1: 64.36(max: 64.36)
********************************************************************************
********************************************************************************
Train 1 Epoch4, Evaluate for atepc_datasets/restaurant
ATE_test_f1: 94.25(max:94.67)
Emotion_test_acc: 86.8(max: 89.09) Emotion_test_f1: 66.61(max: 66.61)
********************************************************************************
********************************************************************************
Train 1 Epoch4, Evaluate for atepc_datasets/restaurant
ATE_test_f1: 94.35(max:94.67)
Emotion_test_acc: 86.21(max: 89.09) Emotion_test_f1: 66.03(max: 66.61)
********************************************************************************
********************************************************************************
Train 1 Epoch4, Evaluate for atepc_datasets/restaurant
ATE_test_f1: 95.13(max:95.13)
Emotion_test_acc: 86.97(max: 89.09) Emotion_test_f1: 67.65(max: 67.65)
********************************************************************************
********************************************************************************
Train 1 Epoch4, Evaluate for atepc_datasets/restaurant
ATE_test_f1: 94.16(max:95.13)
Emotion_test_acc: 87.99(max: 89.09) Emotion_test_f1: 61.58(max: 67.65)
********************************************************************************
********************************************************************************
Train 1 Epoch4, Evaluate for atepc_datasets/restaurant
ATE_test_f1: 95.07(max:95.13)
Emotion_test_acc: 89.26(max: 89.26) Emotion_test_f1: 70.63(max: 70.63)
********************************************************************************
********************************************************************************
Train 1 Epoch4, Evaluate for atepc_datasets/restaurant
ATE_test_f1: 94.63(max:95.13)
Emotion_test_acc: 77.66(max: 89.26) Emotion_test_f1: 60.44(max: 70.63)
********************************************************************************
################################################################################
Train 1 Epoch5
################################################################################
********************************************************************************
Train 1 Epoch5, Evaluate for atepc_datasets/restaurant
ATE_test_f1: 94.79(max:95.13)
Emotion_test_acc: 89.0(max: 89.26) Emotion_test_f1: 66.75(max: 70.63)
********************************************************************************
********************************************************************************
Train 1 Epoch5, Evaluate for atepc_datasets/restaurant
ATE_test_f1: 94.87(max:95.13)
Emotion_test_acc: 88.07(max: 89.26) Emotion_test_f1: 68.02(max: 70.63)
********************************************************************************
********************************************************************************
Train 1 Epoch5, Evaluate for atepc_datasets/restaurant
ATE_test_f1: 95.02(max:95.13)
Emotion_test_acc: 89.51(max: 89.51) Emotion_test_f1: 70.63(max: 70.63)
********************************************************************************
********************************************************************************
Train 1 Epoch5, Evaluate for atepc_datasets/restaurant
ATE_test_f1: 95.3(max:95.3)
Emotion_test_acc: 89.09(max: 89.51) Emotion_test_f1: 69.68(max: 70.63)
********************************************************************************
********************************************************************************
Train 1 Epoch5, Evaluate for atepc_datasets/restaurant
ATE_test_f1: 95.41(max:95.41)
Emotion_test_acc: 88.07(max: 89.51) Emotion_test_f1: 69.73(max: 70.63)
********************************************************************************
********************************************************************************
Train 1 Epoch5, Evaluate for atepc_datasets/restaurant
ATE_test_f1: 95.52(max:95.52)
Emotion_test_acc: 87.73(max: 89.51) Emotion_test_f1: 69.38(max: 70.63)
********************************************************************************
********************************************************************************
Train 1 Epoch5, Evaluate for atepc_datasets/restaurant
ATE_test_f1: 94.24(max:95.52)
Emotion_test_acc: 88.32(max: 89.51) Emotion_test_f1: 72.86(max: 72.86)
********************************************************************************
********************************************************************************
Train 1 Epoch5, Evaluate for atepc_datasets/restaurant
ATE_test_f1: 95.36(max:95.52)
Emotion_test_acc: 85.28(max: 89.51) Emotion_test_f1: 65.77(max: 72.86)
********************************************************************************
********************************************************************************
Train 1 Epoch5, Evaluate for atepc_datasets/restaurant
ATE_test_f1: 94.95(max:95.52)
Emotion_test_acc: 88.92(max: 89.51) Emotion_test_f1: 71.65(max: 72.86)
********************************************************************************
********************************************************************************
Train 1 Epoch5, Evaluate for atepc_datasets/restaurant
ATE_test_f1: 95.56(max:95.56)
Emotion_test_acc: 89.76(max: 89.76) Emotion_test_f1: 74.43(max: 74.43)
********************************************************************************
********************************************************************************
Train 1 Epoch5, Evaluate for atepc_datasets/restaurant
ATE_test_f1: 94.76(max:95.56)
Emotion_test_acc: 87.23(max: 89.76) Emotion_test_f1: 72.79(max: 74.43)
********************************************************************************
max_ate_test_f1:95.56 	max_emotion_test_acc: 89.76	max_emotion_test_f1: 74.43
No.2 training process of 5
>>> dataset: restaurant
>>> output_dir: output
>>> SRD: 5
>>> learning_rate: 3e-05
>>> use_unique_bert: True
>>> use_bert_spc: False
>>> local_context_focus: cdw
>>> num_train_epochs: 5.0
>>> train_batch_size: 16
>>> dropout: 0.0
>>> max_seq_length: 80
>>> eval_batch_size: 32
>>> eval_steps: 20
>>> gradient_accumulation_steps: 1
>>> config_path: experiments.json
>>> device: cpu
>>> seed: 2
>>> bert_model: bert-base-uncased
>>> data_dir: atepc_datasets/restaurant
***** Running training *****
  Num examples = 3545
  Batch size = 16
  Num steps = 1105
################################################################################
Train 2 Epoch1
################################################################################
################################################################################
Train 2 Epoch2
################################################################################
################################################################################
Train 2 Epoch3
################################################################################
################################################################################
Train 2 Epoch4
################################################################################
********************************************************************************
Train 2 Epoch4, Evaluate for atepc_datasets/restaurant
ATE_test_f1: 93.75(max:93.75)
Emotion_test_acc: 89.59(max: 89.59) Emotion_test_f1: 72.27(max: 72.27)
********************************************************************************
********************************************************************************
Train 2 Epoch4, Evaluate for atepc_datasets/restaurant
ATE_test_f1: 94.66(max:94.66)
Emotion_test_acc: 89.17(max: 89.59) Emotion_test_f1: 71.77(max: 72.27)
********************************************************************************
********************************************************************************
Train 2 Epoch4, Evaluate for atepc_datasets/restaurant
ATE_test_f1: 94.65(max:94.66)
Emotion_test_acc: 89.76(max: 89.76) Emotion_test_f1: 73.49(max: 73.49)
********************************************************************************
********************************************************************************
Train 2 Epoch4, Evaluate for atepc_datasets/restaurant
ATE_test_f1: 95.02(max:95.02)
Emotion_test_acc: 89.59(max: 89.76) Emotion_test_f1: 73.84(max: 73.84)
********************************************************************************
********************************************************************************
Train 2 Epoch4, Evaluate for atepc_datasets/restaurant
ATE_test_f1: 94.39(max:95.02)
Emotion_test_acc: 89.34(max: 89.76) Emotion_test_f1: 72.14(max: 73.84)
********************************************************************************
********************************************************************************
Train 2 Epoch4, Evaluate for atepc_datasets/restaurant
ATE_test_f1: 94.51(max:95.02)
Emotion_test_acc: 88.66(max: 89.76) Emotion_test_f1: 72.45(max: 73.84)
********************************************************************************
********************************************************************************
Train 2 Epoch4, Evaluate for atepc_datasets/restaurant
ATE_test_f1: 94.39(max:95.02)
Emotion_test_acc: 88.49(max: 89.76) Emotion_test_f1: 73.79(max: 73.84)
********************************************************************************
********************************************************************************
Train 2 Epoch4, Evaluate for atepc_datasets/restaurant
ATE_test_f1: 94.79(max:95.02)
Emotion_test_acc: 89.68(max: 89.76) Emotion_test_f1: 74.68(max: 74.68)
********************************************************************************
********************************************************************************
Train 2 Epoch4, Evaluate for atepc_datasets/restaurant
ATE_test_f1: 94.78(max:95.02)
Emotion_test_acc: 89.34(max: 89.76) Emotion_test_f1: 73.84(max: 74.68)
********************************************************************************
********************************************************************************
Train 2 Epoch4, Evaluate for atepc_datasets/restaurant
ATE_test_f1: 95.15(max:95.15)
Emotion_test_acc: 88.83(max: 89.76) Emotion_test_f1: 72.47(max: 74.68)
********************************************************************************
********************************************************************************
Train 2 Epoch4, Evaluate for atepc_datasets/restaurant
ATE_test_f1: 95.36(max:95.36)
Emotion_test_acc: 84.43(max: 89.76) Emotion_test_f1: 68.3(max: 74.68)
********************************************************************************
################################################################################
Train 2 Epoch5
################################################################################
********************************************************************************
Train 2 Epoch5, Evaluate for atepc_datasets/restaurant
ATE_test_f1: 94.18(max:95.36)
Emotion_test_acc: 87.48(max: 89.76) Emotion_test_f1: 71.72(max: 74.68)
********************************************************************************
********************************************************************************
Train 2 Epoch5, Evaluate for atepc_datasets/restaurant
ATE_test_f1: 94.66(max:95.36)
Emotion_test_acc: 89.09(max: 89.76) Emotion_test_f1: 73.52(max: 74.68)
********************************************************************************
********************************************************************************
Train 2 Epoch5, Evaluate for atepc_datasets/restaurant
ATE_test_f1: 95.03(max:95.36)
Emotion_test_acc: 88.83(max: 89.76) Emotion_test_f1: 72.17(max: 74.68)
********************************************************************************
********************************************************************************
Train 2 Epoch5, Evaluate for atepc_datasets/restaurant
ATE_test_f1: 95.07(max:95.36)
Emotion_test_acc: 88.75(max: 89.76) Emotion_test_f1: 73.4(max: 74.68)
********************************************************************************
********************************************************************************
Train 2 Epoch5, Evaluate for atepc_datasets/restaurant
ATE_test_f1: 94.98(max:95.36)
Emotion_test_acc: 89.51(max: 89.76) Emotion_test_f1: 74.46(max: 74.68)
********************************************************************************
********************************************************************************
Train 2 Epoch5, Evaluate for atepc_datasets/restaurant
ATE_test_f1: 95.34(max:95.36)
Emotion_test_acc: 87.14(max: 89.76) Emotion_test_f1: 70.07(max: 74.68)
********************************************************************************
********************************************************************************
Train 2 Epoch5, Evaluate for atepc_datasets/restaurant
ATE_test_f1: 94.93(max:95.36)
Emotion_test_acc: 88.07(max: 89.76) Emotion_test_f1: 72.66(max: 74.68)
********************************************************************************
********************************************************************************
Train 2 Epoch5, Evaluate for atepc_datasets/restaurant
ATE_test_f1: 95.48(max:95.48)
Emotion_test_acc: 89.17(max: 89.76) Emotion_test_f1: 74.12(max: 74.68)
********************************************************************************
********************************************************************************
Train 2 Epoch5, Evaluate for atepc_datasets/restaurant
ATE_test_f1: 95.17(max:95.48)
Emotion_test_acc: 89.85(max: 89.85) Emotion_test_f1: 76.23(max: 76.23)
********************************************************************************
********************************************************************************
Train 2 Epoch5, Evaluate for atepc_datasets/restaurant
ATE_test_f1: 95.62(max:95.62)
Emotion_test_acc: 88.58(max: 89.85) Emotion_test_f1: 74.6(max: 76.23)
********************************************************************************
********************************************************************************
Train 2 Epoch5, Evaluate for atepc_datasets/restaurant
ATE_test_f1: 95.23(max:95.62)
Emotion_test_acc: 87.65(max: 89.85) Emotion_test_f1: 72.55(max: 76.23)
********************************************************************************
max_ate_test_f1:95.62 	max_emotion_test_acc: 89.85	max_emotion_test_f1: 76.23
No.3 training process of 5
>>> dataset: restaurant
>>> output_dir: output
>>> SRD: 5
>>> learning_rate: 3e-05
>>> use_unique_bert: True
>>> use_bert_spc: False
>>> local_context_focus: cdw
>>> num_train_epochs: 5.0
>>> train_batch_size: 16
>>> dropout: 0.0
>>> max_seq_length: 80
>>> eval_batch_size: 32
>>> eval_steps: 20
>>> gradient_accumulation_steps: 1
>>> config_path: experiments.json
>>> device: cpu
>>> seed: 3
>>> bert_model: bert-base-uncased
>>> data_dir: atepc_datasets/restaurant
***** Running training *****
  Num examples = 3545
  Batch size = 16
  Num steps = 1105
################################################################################
Train 3 Epoch1
################################################################################
################################################################################
Train 3 Epoch2
################################################################################
################################################################################
Train 3 Epoch3
################################################################################
################################################################################
Train 3 Epoch4
################################################################################
********************************************************************************
Train 3 Epoch4, Evaluate for atepc_datasets/restaurant
ATE_test_f1: 94.54(max:94.54)
Emotion_test_acc: 88.32(max: 88.32) Emotion_test_f1: 67.41(max: 67.41)
********************************************************************************
********************************************************************************
Train 3 Epoch4, Evaluate for atepc_datasets/restaurant
ATE_test_f1: 94.12(max:94.54)
Emotion_test_acc: 88.92(max: 88.92) Emotion_test_f1: 67.58(max: 67.58)
********************************************************************************
********************************************************************************
Train 3 Epoch4, Evaluate for atepc_datasets/restaurant
ATE_test_f1: 94.91(max:94.91)
Emotion_test_acc: 89.34(max: 89.34) Emotion_test_f1: 68.16(max: 68.16)
********************************************************************************
********************************************************************************
Train 3 Epoch4, Evaluate for atepc_datasets/restaurant
ATE_test_f1: 94.6(max:94.91)
Emotion_test_acc: 88.32(max: 89.34) Emotion_test_f1: 69.71(max: 69.71)
********************************************************************************
********************************************************************************
Train 3 Epoch4, Evaluate for atepc_datasets/restaurant
ATE_test_f1: 94.8(max:94.91)
Emotion_test_acc: 89.17(max: 89.34) Emotion_test_f1: 69.84(max: 69.84)
********************************************************************************
********************************************************************************
Train 3 Epoch4, Evaluate for atepc_datasets/restaurant
ATE_test_f1: 95.01(max:95.01)
Emotion_test_acc: 87.73(max: 89.34) Emotion_test_f1: 67.06(max: 69.84)
********************************************************************************
********************************************************************************
Train 3 Epoch4, Evaluate for atepc_datasets/restaurant
ATE_test_f1: 94.38(max:95.01)
Emotion_test_acc: 86.63(max: 89.34) Emotion_test_f1: 67.87(max: 69.84)
********************************************************************************
********************************************************************************
Train 3 Epoch4, Evaluate for atepc_datasets/restaurant
ATE_test_f1: 94.66(max:95.01)
Emotion_test_acc: 84.09(max: 89.34) Emotion_test_f1: 64.56(max: 69.84)
********************************************************************************
********************************************************************************
Train 3 Epoch4, Evaluate for atepc_datasets/restaurant
ATE_test_f1: 95.11(max:95.11)
Emotion_test_acc: 88.92(max: 89.34) Emotion_test_f1: 71.06(max: 71.06)
********************************************************************************
********************************************************************************
Train 3 Epoch4, Evaluate for atepc_datasets/restaurant
ATE_test_f1: 95.29(max:95.29)
Emotion_test_acc: 89.42(max: 89.42) Emotion_test_f1: 73.42(max: 73.42)
********************************************************************************
********************************************************************************
Train 3 Epoch4, Evaluate for atepc_datasets/restaurant
ATE_test_f1: 94.84(max:95.29)
Emotion_test_acc: 81.05(max: 89.42) Emotion_test_f1: 65.04(max: 73.42)
********************************************************************************
################################################################################
Train 3 Epoch5
################################################################################
********************************************************************************
Train 3 Epoch5, Evaluate for atepc_datasets/restaurant
ATE_test_f1: 95.16(max:95.29)
Emotion_test_acc: 87.9(max: 89.42) Emotion_test_f1: 70.79(max: 73.42)
********************************************************************************
********************************************************************************
Train 3 Epoch5, Evaluate for atepc_datasets/restaurant
ATE_test_f1: 94.71(max:95.29)
Emotion_test_acc: 87.31(max: 89.42) Emotion_test_f1: 70.01(max: 73.42)
********************************************************************************
********************************************************************************
Train 3 Epoch5, Evaluate for atepc_datasets/restaurant
ATE_test_f1: 94.95(max:95.29)
Emotion_test_acc: 88.49(max: 89.42) Emotion_test_f1: 72.26(max: 73.42)
********************************************************************************
********************************************************************************
Train 3 Epoch5, Evaluate for atepc_datasets/restaurant
ATE_test_f1: 94.97(max:95.29)
Emotion_test_acc: 88.49(max: 89.42) Emotion_test_f1: 71.41(max: 73.42)
********************************************************************************
********************************************************************************
Train 3 Epoch5, Evaluate for atepc_datasets/restaurant
ATE_test_f1: 95.06(max:95.29)
Emotion_test_acc: 89.17(max: 89.42) Emotion_test_f1: 74.62(max: 74.62)
********************************************************************************
********************************************************************************
Train 3 Epoch5, Evaluate for atepc_datasets/restaurant
ATE_test_f1: 95.44(max:95.44)
Emotion_test_acc: 87.65(max: 89.42) Emotion_test_f1: 71.07(max: 74.62)
********************************************************************************
********************************************************************************
Train 3 Epoch5, Evaluate for atepc_datasets/restaurant
ATE_test_f1: 94.91(max:95.44)
Emotion_test_acc: 87.99(max: 89.42) Emotion_test_f1: 73.26(max: 74.62)
********************************************************************************
********************************************************************************
Train 3 Epoch5, Evaluate for atepc_datasets/restaurant
ATE_test_f1: 95.65(max:95.65)
Emotion_test_acc: 88.92(max: 89.42) Emotion_test_f1: 73.24(max: 74.62)
********************************************************************************
********************************************************************************
Train 3 Epoch5, Evaluate for atepc_datasets/restaurant
ATE_test_f1: 95.52(max:95.65)
Emotion_test_acc: 89.17(max: 89.42) Emotion_test_f1: 73.76(max: 74.62)
********************************************************************************
********************************************************************************
Train 3 Epoch5, Evaluate for atepc_datasets/restaurant
ATE_test_f1: 95.89(max:95.89)
Emotion_test_acc: 90.1(max: 90.1) Emotion_test_f1: 75.55(max: 75.55)
********************************************************************************
********************************************************************************
Train 3 Epoch5, Evaluate for atepc_datasets/restaurant
ATE_test_f1: 95.16(max:95.89)
Emotion_test_acc: 83.25(max: 90.1) Emotion_test_f1: 67.15(max: 75.55)
********************************************************************************
max_ate_test_f1:95.89 	max_emotion_test_acc: 90.1	max_emotion_test_f1: 76.23
No.4 training process of 5
>>> dataset: restaurant
>>> output_dir: output
>>> SRD: 5
>>> learning_rate: 3e-05
>>> use_unique_bert: True
>>> use_bert_spc: False
>>> local_context_focus: cdw
>>> num_train_epochs: 5.0
>>> train_batch_size: 16
>>> dropout: 0.0
>>> max_seq_length: 80
>>> eval_batch_size: 32
>>> eval_steps: 20
>>> gradient_accumulation_steps: 1
>>> config_path: experiments.json
>>> device: cpu
>>> seed: 4
>>> bert_model: bert-base-uncased
>>> data_dir: atepc_datasets/restaurant
***** Running training *****
  Num examples = 3545
  Batch size = 16
  Num steps = 1105
################################################################################
Train 4 Epoch1
################################################################################
################################################################################
Train 4 Epoch2
################################################################################
################################################################################
Train 4 Epoch3
################################################################################
################################################################################
Train 4 Epoch4
################################################################################
********************************************************************************
Train 4 Epoch4, Evaluate for atepc_datasets/restaurant
ATE_test_f1: 94.77(max:94.77)
Emotion_test_acc: 89.17(max: 89.17) Emotion_test_f1: 66.95(max: 66.95)
********************************************************************************
********************************************************************************
Train 4 Epoch4, Evaluate for atepc_datasets/restaurant
ATE_test_f1: 94.51(max:94.77)
Emotion_test_acc: 87.06(max: 89.17) Emotion_test_f1: 68.72(max: 68.72)
********************************************************************************
********************************************************************************
Train 4 Epoch4, Evaluate for atepc_datasets/restaurant
ATE_test_f1: 95.12(max:95.12)
Emotion_test_acc: 89.68(max: 89.68) Emotion_test_f1: 67.49(max: 68.72)
********************************************************************************
********************************************************************************
Train 4 Epoch4, Evaluate for atepc_datasets/restaurant
ATE_test_f1: 95.06(max:95.12)
Emotion_test_acc: 89.76(max: 89.76) Emotion_test_f1: 71.84(max: 71.84)
********************************************************************************
********************************************************************************
Train 4 Epoch4, Evaluate for atepc_datasets/restaurant
ATE_test_f1: 95.55(max:95.55)
Emotion_test_acc: 90.02(max: 90.02) Emotion_test_f1: 72.6(max: 72.6)
********************************************************************************
********************************************************************************
Train 4 Epoch4, Evaluate for atepc_datasets/restaurant
ATE_test_f1: 95.53(max:95.55)
Emotion_test_acc: 88.75(max: 90.02) Emotion_test_f1: 70.96(max: 72.6)
********************************************************************************
********************************************************************************
Train 4 Epoch4, Evaluate for atepc_datasets/restaurant
ATE_test_f1: 95.46(max:95.55)
Emotion_test_acc: 88.92(max: 90.02) Emotion_test_f1: 71.07(max: 72.6)
********************************************************************************
********************************************************************************
Train 4 Epoch4, Evaluate for atepc_datasets/restaurant
ATE_test_f1: 95.38(max:95.55)
Emotion_test_acc: 85.19(max: 90.02) Emotion_test_f1: 66.74(max: 72.6)
********************************************************************************
********************************************************************************
Train 4 Epoch4, Evaluate for atepc_datasets/restaurant
ATE_test_f1: 95.39(max:95.55)
Emotion_test_acc: 88.58(max: 90.02) Emotion_test_f1: 65.47(max: 72.6)
********************************************************************************
********************************************************************************
Train 4 Epoch4, Evaluate for atepc_datasets/restaurant
ATE_test_f1: 95.74(max:95.74)
Emotion_test_acc: 89.34(max: 90.02) Emotion_test_f1: 72.45(max: 72.6)
********************************************************************************
********************************************************************************
Train 4 Epoch4, Evaluate for atepc_datasets/restaurant
ATE_test_f1: 95.37(max:95.74)
Emotion_test_acc: 83.67(max: 90.02) Emotion_test_f1: 66.86(max: 72.6)
********************************************************************************
################################################################################
Train 4 Epoch5
################################################################################
********************************************************************************
Train 4 Epoch5, Evaluate for atepc_datasets/restaurant
ATE_test_f1: 95.53(max:95.74)
Emotion_test_acc: 87.9(max: 90.02) Emotion_test_f1: 69.02(max: 72.6)
********************************************************************************
********************************************************************************
Train 4 Epoch5, Evaluate for atepc_datasets/restaurant
ATE_test_f1: 95.14(max:95.74)
Emotion_test_acc: 88.49(max: 90.02) Emotion_test_f1: 72.82(max: 72.82)
********************************************************************************
********************************************************************************
Train 4 Epoch5, Evaluate for atepc_datasets/restaurant
ATE_test_f1: 95.75(max:95.75)
Emotion_test_acc: 87.48(max: 90.02) Emotion_test_f1: 70.18(max: 72.82)
********************************************************************************
********************************************************************************
Train 4 Epoch5, Evaluate for atepc_datasets/restaurant
ATE_test_f1: 95.87(max:95.87)
Emotion_test_acc: 89.68(max: 90.02) Emotion_test_f1: 73.84(max: 73.84)
********************************************************************************
********************************************************************************
Train 4 Epoch5, Evaluate for atepc_datasets/restaurant
ATE_test_f1: 95.42(max:95.87)
Emotion_test_acc: 88.66(max: 90.02) Emotion_test_f1: 71.66(max: 73.84)
********************************************************************************
********************************************************************************
Train 4 Epoch5, Evaluate for atepc_datasets/restaurant
ATE_test_f1: 96.14(max:96.14)
Emotion_test_acc: 88.58(max: 90.02) Emotion_test_f1: 70.54(max: 73.84)
********************************************************************************
********************************************************************************
Train 4 Epoch5, Evaluate for atepc_datasets/restaurant
ATE_test_f1: 95.0(max:96.14)
Emotion_test_acc: 88.32(max: 90.02) Emotion_test_f1: 73.73(max: 73.84)
********************************************************************************
********************************************************************************
Train 4 Epoch5, Evaluate for atepc_datasets/restaurant
ATE_test_f1: 95.96(max:96.14)
Emotion_test_acc: 88.49(max: 90.02) Emotion_test_f1: 70.83(max: 73.84)
********************************************************************************
********************************************************************************
Train 4 Epoch5, Evaluate for atepc_datasets/restaurant
ATE_test_f1: 95.98(max:96.14)
Emotion_test_acc: 89.93(max: 90.02) Emotion_test_f1: 76.39(max: 76.39)
********************************************************************************
********************************************************************************
Train 4 Epoch5, Evaluate for atepc_datasets/restaurant
ATE_test_f1: 96.1(max:96.14)
Emotion_test_acc: 90.19(max: 90.19) Emotion_test_f1: 75.69(max: 76.39)
********************************************************************************
********************************************************************************
Train 4 Epoch5, Evaluate for atepc_datasets/restaurant
ATE_test_f1: 95.64(max:96.14)
Emotion_test_acc: 86.8(max: 90.19) Emotion_test_f1: 70.82(max: 76.39)
********************************************************************************
max_ate_test_f1:96.14 	max_emotion_test_acc: 90.19	max_emotion_test_f1: 76.39
No.5 training process of 5
>>> dataset: restaurant
>>> output_dir: output
>>> SRD: 5
>>> learning_rate: 3e-05
>>> use_unique_bert: True
>>> use_bert_spc: False
>>> local_context_focus: cdw
>>> num_train_epochs: 5.0
>>> train_batch_size: 16
>>> dropout: 0.0
>>> max_seq_length: 80
>>> eval_batch_size: 32
>>> eval_steps: 20
>>> gradient_accumulation_steps: 1
>>> config_path: experiments.json
>>> device: cpu
>>> seed: 5
>>> bert_model: bert-base-uncased
>>> data_dir: atepc_datasets/restaurant
***** Running training *****
  Num examples = 3545
  Batch size = 16
  Num steps = 1105
################################################################################
Train 5 Epoch1
################################################################################
################################################################################
Train 5 Epoch2
################################################################################
################################################################################
Train 5 Epoch3
################################################################################
################################################################################
Train 5 Epoch4
################################################################################
********************************************************************************
Train 5 Epoch4, Evaluate for atepc_datasets/restaurant
ATE_test_f1: 93.01(max:93.01)
Emotion_test_acc: 89.34(max: 89.34) Emotion_test_f1: 67.32(max: 67.32)
********************************************************************************
********************************************************************************
Train 5 Epoch4, Evaluate for atepc_datasets/restaurant
ATE_test_f1: 93.92(max:93.92)
Emotion_test_acc: 87.99(max: 89.34) Emotion_test_f1: 65.43(max: 67.32)
********************************************************************************
********************************************************************************
Train 5 Epoch4, Evaluate for atepc_datasets/restaurant
ATE_test_f1: 94.63(max:94.63)
Emotion_test_acc: 89.85(max: 89.85) Emotion_test_f1: 72.07(max: 72.07)
********************************************************************************
********************************************************************************
Train 5 Epoch4, Evaluate for atepc_datasets/restaurant
ATE_test_f1: 94.78(max:94.78)
Emotion_test_acc: 89.42(max: 89.85) Emotion_test_f1: 70.37(max: 72.07)
********************************************************************************
********************************************************************************
Train 5 Epoch4, Evaluate for atepc_datasets/restaurant
ATE_test_f1: 94.69(max:94.78)
Emotion_test_acc: 88.83(max: 89.85) Emotion_test_f1: 70.67(max: 72.07)
********************************************************************************
********************************************************************************
Train 5 Epoch4, Evaluate for atepc_datasets/restaurant
ATE_test_f1: 94.98(max:94.98)
Emotion_test_acc: 89.59(max: 89.85) Emotion_test_f1: 71.83(max: 72.07)
********************************************************************************
********************************************************************************
Train 5 Epoch4, Evaluate for atepc_datasets/restaurant
ATE_test_f1: 94.56(max:94.98)
Emotion_test_acc: 89.09(max: 89.85) Emotion_test_f1: 73.07(max: 73.07)
********************************************************************************
********************************************************************************
Train 5 Epoch4, Evaluate for atepc_datasets/restaurant
ATE_test_f1: 95.18(max:95.18)
Emotion_test_acc: 89.0(max: 89.85) Emotion_test_f1: 72.23(max: 73.07)
********************************************************************************
********************************************************************************
Train 5 Epoch4, Evaluate for atepc_datasets/restaurant
ATE_test_f1: 95.28(max:95.28)
Emotion_test_acc: 90.1(max: 90.1) Emotion_test_f1: 73.72(max: 73.72)
********************************************************************************
********************************************************************************
Train 5 Epoch4, Evaluate for atepc_datasets/restaurant
ATE_test_f1: 95.32(max:95.32)
Emotion_test_acc: 89.42(max: 90.1) Emotion_test_f1: 73.26(max: 73.72)
********************************************************************************
********************************************************************************
Train 5 Epoch4, Evaluate for atepc_datasets/restaurant
ATE_test_f1: 95.26(max:95.32)
Emotion_test_acc: 83.42(max: 90.1) Emotion_test_f1: 66.87(max: 73.72)
********************************************************************************
################################################################################
Train 5 Epoch5
################################################################################
********************************************************************************
Train 5 Epoch5, Evaluate for atepc_datasets/restaurant
ATE_test_f1: 95.1(max:95.32)
Emotion_test_acc: 89.26(max: 90.1) Emotion_test_f1: 71.58(max: 73.72)
********************************************************************************
********************************************************************************
Train 5 Epoch5, Evaluate for atepc_datasets/restaurant
ATE_test_f1: 95.71(max:95.71)
Emotion_test_acc: 88.83(max: 90.1) Emotion_test_f1: 73.37(max: 73.72)
********************************************************************************
********************************************************************************
Train 5 Epoch5, Evaluate for atepc_datasets/restaurant
ATE_test_f1: 95.23(max:95.71)
Emotion_test_acc: 89.68(max: 90.1) Emotion_test_f1: 75.36(max: 75.36)
********************************************************************************
********************************************************************************
Train 5 Epoch5, Evaluate for atepc_datasets/restaurant
ATE_test_f1: 95.46(max:95.71)
Emotion_test_acc: 89.68(max: 90.1) Emotion_test_f1: 76.74(max: 76.74)
********************************************************************************
********************************************************************************
Train 5 Epoch5, Evaluate for atepc_datasets/restaurant
ATE_test_f1: 94.89(max:95.71)
Emotion_test_acc: 89.42(max: 90.1) Emotion_test_f1: 74.84(max: 76.74)
********************************************************************************
********************************************************************************
Train 5 Epoch5, Evaluate for atepc_datasets/restaurant
ATE_test_f1: 95.02(max:95.71)
Emotion_test_acc: 86.97(max: 90.1) Emotion_test_f1: 68.35(max: 76.74)
********************************************************************************
********************************************************************************
Train 5 Epoch5, Evaluate for atepc_datasets/restaurant
ATE_test_f1: 94.96(max:95.71)
Emotion_test_acc: 88.32(max: 90.1) Emotion_test_f1: 74.86(max: 76.74)
********************************************************************************
********************************************************************************
Train 5 Epoch5, Evaluate for atepc_datasets/restaurant
ATE_test_f1: 94.87(max:95.71)
Emotion_test_acc: 88.32(max: 90.1) Emotion_test_f1: 71.85(max: 76.74)
********************************************************************************
********************************************************************************
Train 5 Epoch5, Evaluate for atepc_datasets/restaurant
ATE_test_f1: 95.09(max:95.71)
Emotion_test_acc: 90.86(max: 90.86) Emotion_test_f1: 77.1(max: 77.1)
********************************************************************************
********************************************************************************
Train 5 Epoch5, Evaluate for atepc_datasets/restaurant
ATE_test_f1: 95.56(max:95.71)
Emotion_test_acc: 91.88(max: 91.88) Emotion_test_f1: 79.93(max: 79.93)
********************************************************************************
********************************************************************************
Train 5 Epoch5, Evaluate for atepc_datasets/restaurant
ATE_test_f1: 95.58(max:95.71)
Emotion_test_acc: 86.46(max: 91.88) Emotion_test_f1: 70.7(max: 79.93)
********************************************************************************
max_ate_test_f1:96.14 	max_emotion_test_acc: 91.88	max_emotion_test_f1: 79.93
