log file: logs/241124-125801.log
--------------------------------------------------------------------------------
Config 1 (totally 1 configs)
No.1 training process of 5
>>> dataset: restaurant
>>> output_dir: output
>>> SRD: 5
>>> learning_rate: 3e-05
>>> use_unique_bert: True
>>> use_bert_spc: False
>>> local_context_focus: fusion
>>> num_train_epochs: 1.0
>>> train_batch_size: 2
>>> dropout: 0.0
>>> max_seq_length: 4
>>> eval_batch_size: 32
>>> eval_steps: 20
>>> gradient_accumulation_steps: 1
>>> config_path: experiments.json
>>> device: cpu
>>> seed: 1
>>> bert_model: bert-base-uncased
>>> data_dir: atepc_datasets/restaurant
***** Running training *****
  Num examples = 3545
  Batch size = 2
  Num steps = 1772
################################################################################
Train 1 Epoch1
################################################################################
********************************************************************************
Train 1 Epoch1, Evaluate for atepc_datasets/restaurant
ATE_test_f1: 58.86(max:58.86)
Emotion_test_acc: 69.12(max: 69.12) Emotion_test_f1: 35.51(max: 35.51)
********************************************************************************
