log file: logs/241201-120713.log
--------------------------------------------------------------------------------
Config 1 (totally 1 configs)
No.1 training process of 5
>>> dataset: restaurant
>>> output_dir: output
>>> SRD: 5
>>> learning_rate: 3e-05
>>> use_unique_bert: True
>>> use_bert_spc: False
>>> local_context_focus: fusion
>>> num_train_epochs: 5.0
>>> train_batch_size: 16
>>> dropout: 0.0
>>> max_seq_length: 80
>>> eval_batch_size: 32
>>> eval_steps: 20
>>> gradient_accumulation_steps: 1
>>> config_path: experiments.json
>>> device: cpu
>>> seed: 1
>>> bert_model: bert-base-uncased
>>> data_dir: atepc_datasets/restaurant
***** Running training *****
  Num examples = 3545
  Batch size = 16
  Num steps = 1105
################################################################################
Train 1 Epoch1
################################################################################
################################################################################
Train 1 Epoch2
################################################################################
################################################################################
Train 1 Epoch3
################################################################################
################################################################################
Train 1 Epoch4
################################################################################
********************************************************************************
Train 1 Epoch4, Evaluate for atepc_datasets/restaurant
ATE_test_f1: 95.09(max:95.09)
Emotion_test_acc: 99.83(max: 99.83) Emotion_test_f1: 99.86(max: 99.86)
********************************************************************************
********************************************************************************
Train 1 Epoch4, Evaluate for atepc_datasets/restaurant
ATE_test_f1: 90.18(max:95.09)
Emotion_test_acc: 99.83(max: 99.83) Emotion_test_f1: 99.86(max: 99.86)
********************************************************************************
********************************************************************************
Train 1 Epoch4, Evaluate for atepc_datasets/restaurant
ATE_test_f1: 93.22(max:95.09)
Emotion_test_acc: 97.72(max: 99.83) Emotion_test_f1: 88.53(max: 99.86)
********************************************************************************
********************************************************************************
Train 1 Epoch4, Evaluate for atepc_datasets/restaurant
ATE_test_f1: 93.07(max:95.09)
Emotion_test_acc: 99.83(max: 99.83) Emotion_test_f1: 99.86(max: 99.86)
********************************************************************************
********************************************************************************
Train 1 Epoch4, Evaluate for atepc_datasets/restaurant
ATE_test_f1: 94.02(max:95.09)
Emotion_test_acc: 99.83(max: 99.83) Emotion_test_f1: 99.86(max: 99.86)
********************************************************************************
********************************************************************************
Train 1 Epoch4, Evaluate for atepc_datasets/restaurant
ATE_test_f1: 94.56(max:95.09)
Emotion_test_acc: 99.83(max: 99.83) Emotion_test_f1: 99.86(max: 99.86)
********************************************************************************
********************************************************************************
Train 1 Epoch4, Evaluate for atepc_datasets/restaurant
ATE_test_f1: 93.67(max:95.09)
Emotion_test_acc: 99.75(max: 99.83) Emotion_test_f1: 99.48(max: 99.86)
********************************************************************************
********************************************************************************
Train 1 Epoch4, Evaluate for atepc_datasets/restaurant
ATE_test_f1: 95.5(max:95.5)
Emotion_test_acc: 99.83(max: 99.83) Emotion_test_f1: 99.86(max: 99.86)
********************************************************************************
********************************************************************************
Train 1 Epoch4, Evaluate for atepc_datasets/restaurant
ATE_test_f1: 94.58(max:95.5)
Emotion_test_acc: 99.83(max: 99.83) Emotion_test_f1: 99.86(max: 99.86)
********************************************************************************
********************************************************************************
Train 1 Epoch4, Evaluate for atepc_datasets/restaurant
ATE_test_f1: 94.9(max:95.5)
Emotion_test_acc: 99.83(max: 99.83) Emotion_test_f1: 99.86(max: 99.86)
********************************************************************************
********************************************************************************
Train 1 Epoch4, Evaluate for atepc_datasets/restaurant
ATE_test_f1: 95.0(max:95.5)
Emotion_test_acc: 99.66(max: 99.83) Emotion_test_f1: 98.74(max: 99.86)
********************************************************************************
################################################################################
Train 1 Epoch5
################################################################################
********************************************************************************
Train 1 Epoch5, Evaluate for atepc_datasets/restaurant
ATE_test_f1: 94.75(max:95.5)
Emotion_test_acc: 99.49(max: 99.83) Emotion_test_f1: 97.91(max: 99.86)
********************************************************************************
********************************************************************************
Train 1 Epoch5, Evaluate for atepc_datasets/restaurant
ATE_test_f1: 95.21(max:95.5)
Emotion_test_acc: 99.66(max: 99.83) Emotion_test_f1: 98.74(max: 99.86)
********************************************************************************
********************************************************************************
Train 1 Epoch5, Evaluate for atepc_datasets/restaurant
ATE_test_f1: 95.66(max:95.66)
Emotion_test_acc: 99.92(max: 99.92) Emotion_test_f1: 99.93(max: 99.93)
********************************************************************************
********************************************************************************
Train 1 Epoch5, Evaluate for atepc_datasets/restaurant
ATE_test_f1: 95.25(max:95.66)
Emotion_test_acc: 99.92(max: 99.92) Emotion_test_f1: 99.93(max: 99.93)
********************************************************************************
********************************************************************************
Train 1 Epoch5, Evaluate for atepc_datasets/restaurant
ATE_test_f1: 95.69(max:95.69)
Emotion_test_acc: 99.83(max: 99.92) Emotion_test_f1: 99.86(max: 99.93)
********************************************************************************
********************************************************************************
Train 1 Epoch5, Evaluate for atepc_datasets/restaurant
ATE_test_f1: 95.74(max:95.74)
Emotion_test_acc: 99.83(max: 99.92) Emotion_test_f1: 99.86(max: 99.93)
********************************************************************************
********************************************************************************
Train 1 Epoch5, Evaluate for atepc_datasets/restaurant
ATE_test_f1: 95.63(max:95.74)
Emotion_test_acc: 99.83(max: 99.92) Emotion_test_f1: 99.86(max: 99.93)
********************************************************************************
********************************************************************************
Train 1 Epoch5, Evaluate for atepc_datasets/restaurant
ATE_test_f1: 95.97(max:95.97)
Emotion_test_acc: 99.83(max: 99.92) Emotion_test_f1: 99.86(max: 99.93)
********************************************************************************
********************************************************************************
Train 1 Epoch5, Evaluate for atepc_datasets/restaurant
ATE_test_f1: 95.36(max:95.97)
Emotion_test_acc: 99.83(max: 99.92) Emotion_test_f1: 99.86(max: 99.93)
********************************************************************************
********************************************************************************
Train 1 Epoch5, Evaluate for atepc_datasets/restaurant
ATE_test_f1: 95.68(max:95.97)
Emotion_test_acc: 99.83(max: 99.92) Emotion_test_f1: 99.86(max: 99.93)
********************************************************************************
********************************************************************************
Train 1 Epoch5, Evaluate for atepc_datasets/restaurant
ATE_test_f1: 95.33(max:95.97)
Emotion_test_acc: 99.83(max: 99.92) Emotion_test_f1: 99.86(max: 99.93)
********************************************************************************
max_ate_test_f1:95.97 	max_emotion_test_acc: 99.92	max_emotion_test_f1: 99.93
No.2 training process of 5
>>> dataset: restaurant
>>> output_dir: output
>>> SRD: 5
>>> learning_rate: 3e-05
>>> use_unique_bert: True
>>> use_bert_spc: False
>>> local_context_focus: fusion
>>> num_train_epochs: 5.0
>>> train_batch_size: 16
>>> dropout: 0.0
>>> max_seq_length: 80
>>> eval_batch_size: 32
>>> eval_steps: 20
>>> gradient_accumulation_steps: 1
>>> config_path: experiments.json
>>> device: cpu
>>> seed: 2
>>> bert_model: bert-base-uncased
>>> data_dir: atepc_datasets/restaurant
***** Running training *****
  Num examples = 3545
  Batch size = 16
  Num steps = 1105
################################################################################
Train 2 Epoch1
################################################################################
################################################################################
Train 2 Epoch2
################################################################################
################################################################################
Train 2 Epoch3
################################################################################
################################################################################
Train 2 Epoch4
################################################################################
********************************************************************************
Train 2 Epoch4, Evaluate for atepc_datasets/restaurant
ATE_test_f1: 94.94(max:94.94)
Emotion_test_acc: 90.27(max: 90.27) Emotion_test_f1: 67.99(max: 67.99)
********************************************************************************
********************************************************************************
Train 2 Epoch4, Evaluate for atepc_datasets/restaurant
ATE_test_f1: 94.25(max:94.94)
Emotion_test_acc: 91.12(max: 91.12) Emotion_test_f1: 72.46(max: 72.46)
********************************************************************************
********************************************************************************
Train 2 Epoch4, Evaluate for atepc_datasets/restaurant
ATE_test_f1: 95.07(max:95.07)
Emotion_test_acc: 91.96(max: 91.96) Emotion_test_f1: 73.25(max: 73.25)
********************************************************************************
********************************************************************************
Train 2 Epoch4, Evaluate for atepc_datasets/restaurant
ATE_test_f1: 95.22(max:95.22)
Emotion_test_acc: 92.22(max: 92.22) Emotion_test_f1: 72.95(max: 73.25)
********************************************************************************
********************************************************************************
Train 2 Epoch4, Evaluate for atepc_datasets/restaurant
ATE_test_f1: 94.93(max:95.22)
Emotion_test_acc: 92.47(max: 92.47) Emotion_test_f1: 71.78(max: 73.25)
********************************************************************************
********************************************************************************
Train 2 Epoch4, Evaluate for atepc_datasets/restaurant
ATE_test_f1: 95.04(max:95.22)
Emotion_test_acc: 92.72(max: 92.72) Emotion_test_f1: 74.39(max: 74.39)
********************************************************************************
********************************************************************************
Train 2 Epoch4, Evaluate for atepc_datasets/restaurant
ATE_test_f1: 94.7(max:95.22)
Emotion_test_acc: 93.23(max: 93.23) Emotion_test_f1: 74.98(max: 74.98)
********************************************************************************
********************************************************************************
Train 2 Epoch4, Evaluate for atepc_datasets/restaurant
ATE_test_f1: 95.47(max:95.47)
Emotion_test_acc: 93.91(max: 93.91) Emotion_test_f1: 77.78(max: 77.78)
********************************************************************************
********************************************************************************
Train 2 Epoch4, Evaluate for atepc_datasets/restaurant
ATE_test_f1: 95.52(max:95.52)
Emotion_test_acc: 95.77(max: 95.77) Emotion_test_f1: 77.3(max: 77.78)
********************************************************************************
********************************************************************************
Train 2 Epoch4, Evaluate for atepc_datasets/restaurant
ATE_test_f1: 95.42(max:95.52)
Emotion_test_acc: 96.11(max: 96.11) Emotion_test_f1: 82.17(max: 82.17)
********************************************************************************
********************************************************************************
Train 2 Epoch4, Evaluate for atepc_datasets/restaurant
ATE_test_f1: 95.9(max:95.9)
Emotion_test_acc: 92.81(max: 96.11) Emotion_test_f1: 76.34(max: 82.17)
********************************************************************************
################################################################################
Train 2 Epoch5
################################################################################
********************************************************************************
Train 2 Epoch5, Evaluate for atepc_datasets/restaurant
ATE_test_f1: 95.04(max:95.9)
Emotion_test_acc: 94.25(max: 96.11) Emotion_test_f1: 77.88(max: 82.17)
********************************************************************************
********************************************************************************
Train 2 Epoch5, Evaluate for atepc_datasets/restaurant
ATE_test_f1: 95.91(max:95.91)
Emotion_test_acc: 95.43(max: 96.11) Emotion_test_f1: 80.9(max: 82.17)
********************************************************************************
********************************************************************************
Train 2 Epoch5, Evaluate for atepc_datasets/restaurant
ATE_test_f1: 96.01(max:96.01)
Emotion_test_acc: 94.5(max: 96.11) Emotion_test_f1: 79.65(max: 82.17)
********************************************************************************
********************************************************************************
Train 2 Epoch5, Evaluate for atepc_datasets/restaurant
ATE_test_f1: 95.63(max:96.01)
Emotion_test_acc: 95.09(max: 96.11) Emotion_test_f1: 81.28(max: 82.17)
********************************************************************************
********************************************************************************
Train 2 Epoch5, Evaluate for atepc_datasets/restaurant
ATE_test_f1: 95.53(max:96.01)
Emotion_test_acc: 95.35(max: 96.11) Emotion_test_f1: 80.81(max: 82.17)
********************************************************************************
********************************************************************************
Train 2 Epoch5, Evaluate for atepc_datasets/restaurant
ATE_test_f1: 96.19(max:96.19)
Emotion_test_acc: 94.5(max: 96.11) Emotion_test_f1: 78.86(max: 82.17)
********************************************************************************
********************************************************************************
Train 2 Epoch5, Evaluate for atepc_datasets/restaurant
ATE_test_f1: 95.6(max:96.19)
Emotion_test_acc: 94.5(max: 96.11) Emotion_test_f1: 79.86(max: 82.17)
********************************************************************************
********************************************************************************
Train 2 Epoch5, Evaluate for atepc_datasets/restaurant
ATE_test_f1: 95.86(max:96.19)
Emotion_test_acc: 95.09(max: 96.11) Emotion_test_f1: 79.97(max: 82.17)
********************************************************************************
********************************************************************************
Train 2 Epoch5, Evaluate for atepc_datasets/restaurant
ATE_test_f1: 95.76(max:96.19)
Emotion_test_acc: 96.87(max: 96.87) Emotion_test_f1: 82.89(max: 82.89)
********************************************************************************
********************************************************************************
Train 2 Epoch5, Evaluate for atepc_datasets/restaurant
ATE_test_f1: 96.26(max:96.26)
Emotion_test_acc: 96.87(max: 96.87) Emotion_test_f1: 83.7(max: 83.7)
********************************************************************************
********************************************************************************
Train 2 Epoch5, Evaluate for atepc_datasets/restaurant
ATE_test_f1: 96.08(max:96.26)
Emotion_test_acc: 95.09(max: 96.87) Emotion_test_f1: 81.47(max: 83.7)
********************************************************************************
max_ate_test_f1:96.26 	max_emotion_test_acc: 99.92	max_emotion_test_f1: 99.93
No.3 training process of 5
>>> dataset: restaurant
>>> output_dir: output
>>> SRD: 5
>>> learning_rate: 3e-05
>>> use_unique_bert: True
>>> use_bert_spc: False
>>> local_context_focus: fusion
>>> num_train_epochs: 5.0
>>> train_batch_size: 16
>>> dropout: 0.0
>>> max_seq_length: 80
>>> eval_batch_size: 32
>>> eval_steps: 20
>>> gradient_accumulation_steps: 1
>>> config_path: experiments.json
>>> device: cpu
>>> seed: 3
>>> bert_model: bert-base-uncased
>>> data_dir: atepc_datasets/restaurant
***** Running training *****
  Num examples = 3545
  Batch size = 16
  Num steps = 1105
################################################################################
Train 3 Epoch1
################################################################################
################################################################################
Train 3 Epoch2
################################################################################
################################################################################
Train 3 Epoch3
################################################################################
################################################################################
Train 3 Epoch4
################################################################################
********************************************************************************
Train 3 Epoch4, Evaluate for atepc_datasets/restaurant
ATE_test_f1: 95.02(max:95.02)
Emotion_test_acc: 92.39(max: 92.39) Emotion_test_f1: 69.48(max: 69.48)
********************************************************************************
********************************************************************************
Train 3 Epoch4, Evaluate for atepc_datasets/restaurant
ATE_test_f1: 94.93(max:95.02)
Emotion_test_acc: 92.72(max: 92.72) Emotion_test_f1: 71.88(max: 71.88)
********************************************************************************
********************************************************************************
Train 3 Epoch4, Evaluate for atepc_datasets/restaurant
ATE_test_f1: 94.95(max:95.02)
Emotion_test_acc: 93.49(max: 93.49) Emotion_test_f1: 74.64(max: 74.64)
********************************************************************************
********************************************************************************
Train 3 Epoch4, Evaluate for atepc_datasets/restaurant
ATE_test_f1: 95.58(max:95.58)
Emotion_test_acc: 93.49(max: 93.49) Emotion_test_f1: 76.49(max: 76.49)
********************************************************************************
********************************************************************************
Train 3 Epoch4, Evaluate for atepc_datasets/restaurant
ATE_test_f1: 95.55(max:95.58)
Emotion_test_acc: 94.92(max: 94.92) Emotion_test_f1: 75.83(max: 76.49)
********************************************************************************
********************************************************************************
Train 3 Epoch4, Evaluate for atepc_datasets/restaurant
ATE_test_f1: 95.5(max:95.58)
Emotion_test_acc: 95.43(max: 95.43) Emotion_test_f1: 79.57(max: 79.57)
********************************************************************************
********************************************************************************
Train 3 Epoch4, Evaluate for atepc_datasets/restaurant
ATE_test_f1: 95.29(max:95.58)
Emotion_test_acc: 93.57(max: 95.43) Emotion_test_f1: 76.7(max: 79.57)
********************************************************************************
********************************************************************************
Train 3 Epoch4, Evaluate for atepc_datasets/restaurant
ATE_test_f1: 95.66(max:95.66)
Emotion_test_acc: 94.5(max: 95.43) Emotion_test_f1: 76.57(max: 79.57)
********************************************************************************
********************************************************************************
Train 3 Epoch4, Evaluate for atepc_datasets/restaurant
ATE_test_f1: 95.27(max:95.66)
Emotion_test_acc: 96.7(max: 96.7) Emotion_test_f1: 81.87(max: 81.87)
********************************************************************************
********************************************************************************
Train 3 Epoch4, Evaluate for atepc_datasets/restaurant
ATE_test_f1: 95.85(max:95.85)
Emotion_test_acc: 96.7(max: 96.7) Emotion_test_f1: 82.4(max: 82.4)
********************************************************************************
********************************************************************************
Train 3 Epoch4, Evaluate for atepc_datasets/restaurant
ATE_test_f1: 95.65(max:95.85)
Emotion_test_acc: 91.12(max: 96.7) Emotion_test_f1: 74.89(max: 82.4)
********************************************************************************
################################################################################
Train 3 Epoch5
################################################################################
********************************************************************************
Train 3 Epoch5, Evaluate for atepc_datasets/restaurant
ATE_test_f1: 95.84(max:95.85)
Emotion_test_acc: 95.69(max: 96.7) Emotion_test_f1: 81.15(max: 82.4)
********************************************************************************
********************************************************************************
Train 3 Epoch5, Evaluate for atepc_datasets/restaurant
ATE_test_f1: 95.41(max:95.85)
Emotion_test_acc: 95.35(max: 96.7) Emotion_test_f1: 78.88(max: 82.4)
********************************************************************************
********************************************************************************
Train 3 Epoch5, Evaluate for atepc_datasets/restaurant
ATE_test_f1: 95.71(max:95.85)
Emotion_test_acc: 96.95(max: 96.95) Emotion_test_f1: 83.0(max: 83.0)
********************************************************************************
********************************************************************************
Train 3 Epoch5, Evaluate for atepc_datasets/restaurant
ATE_test_f1: 95.87(max:95.87)
Emotion_test_acc: 96.7(max: 96.95) Emotion_test_f1: 81.98(max: 83.0)
********************************************************************************
********************************************************************************
Train 3 Epoch5, Evaluate for atepc_datasets/restaurant
ATE_test_f1: 95.69(max:95.87)
Emotion_test_acc: 97.29(max: 97.29) Emotion_test_f1: 83.75(max: 83.75)
********************************************************************************
********************************************************************************
Train 3 Epoch5, Evaluate for atepc_datasets/restaurant
ATE_test_f1: 96.0(max:96.0)
Emotion_test_acc: 95.43(max: 97.29) Emotion_test_f1: 80.59(max: 83.75)
********************************************************************************
********************************************************************************
Train 3 Epoch5, Evaluate for atepc_datasets/restaurant
ATE_test_f1: 95.42(max:96.0)
Emotion_test_acc: 97.04(max: 97.29) Emotion_test_f1: 85.79(max: 85.79)
********************************************************************************
********************************************************************************
Train 3 Epoch5, Evaluate for atepc_datasets/restaurant
ATE_test_f1: 96.03(max:96.03)
Emotion_test_acc: 96.79(max: 97.29) Emotion_test_f1: 84.83(max: 85.79)
********************************************************************************
********************************************************************************
Train 3 Epoch5, Evaluate for atepc_datasets/restaurant
ATE_test_f1: 96.07(max:96.07)
Emotion_test_acc: 97.63(max: 97.63) Emotion_test_f1: 89.06(max: 89.06)
********************************************************************************
********************************************************************************
Train 3 Epoch5, Evaluate for atepc_datasets/restaurant
ATE_test_f1: 95.82(max:96.07)
Emotion_test_acc: 98.14(max: 98.14) Emotion_test_f1: 89.56(max: 89.56)
********************************************************************************
********************************************************************************
Train 3 Epoch5, Evaluate for atepc_datasets/restaurant
ATE_test_f1: 95.92(max:96.07)
Emotion_test_acc: 97.55(max: 98.14) Emotion_test_f1: 87.0(max: 89.56)
********************************************************************************
max_ate_test_f1:96.26 	max_emotion_test_acc: 99.92	max_emotion_test_f1: 99.93
No.4 training process of 5
>>> dataset: restaurant
>>> output_dir: output
>>> SRD: 5
>>> learning_rate: 3e-05
>>> use_unique_bert: True
>>> use_bert_spc: False
>>> local_context_focus: fusion
>>> num_train_epochs: 5.0
>>> train_batch_size: 16
>>> dropout: 0.0
>>> max_seq_length: 80
>>> eval_batch_size: 32
>>> eval_steps: 20
>>> gradient_accumulation_steps: 1
>>> config_path: experiments.json
>>> device: cpu
>>> seed: 4
>>> bert_model: bert-base-uncased
>>> data_dir: atepc_datasets/restaurant
***** Running training *****
  Num examples = 3545
  Batch size = 16
  Num steps = 1105
################################################################################
Train 4 Epoch1
################################################################################
################################################################################
Train 4 Epoch2
################################################################################
################################################################################
Train 4 Epoch3
################################################################################
################################################################################
Train 4 Epoch4
################################################################################
********************************************************************************
Train 4 Epoch4, Evaluate for atepc_datasets/restaurant
ATE_test_f1: 95.28(max:95.28)
Emotion_test_acc: 98.56(max: 98.56) Emotion_test_f1: 92.79(max: 92.79)
********************************************************************************
********************************************************************************
Train 4 Epoch4, Evaluate for atepc_datasets/restaurant
ATE_test_f1: 94.94(max:95.28)
Emotion_test_acc: 99.15(max: 99.15) Emotion_test_f1: 96.13(max: 96.13)
********************************************************************************
********************************************************************************
Train 4 Epoch4, Evaluate for atepc_datasets/restaurant
ATE_test_f1: 95.16(max:95.28)
Emotion_test_acc: 99.07(max: 99.15) Emotion_test_f1: 96.06(max: 96.13)
********************************************************************************
********************************************************************************
Train 4 Epoch4, Evaluate for atepc_datasets/restaurant
ATE_test_f1: 95.46(max:95.46)
Emotion_test_acc: 99.66(max: 99.66) Emotion_test_f1: 99.08(max: 99.08)
********************************************************************************
********************************************************************************
Train 4 Epoch4, Evaluate for atepc_datasets/restaurant
ATE_test_f1: 94.88(max:95.46)
Emotion_test_acc: 99.75(max: 99.75) Emotion_test_f1: 99.15(max: 99.15)
********************************************************************************
********************************************************************************
Train 4 Epoch4, Evaluate for atepc_datasets/restaurant
ATE_test_f1: 95.6(max:95.6)
Emotion_test_acc: 97.8(max: 99.75) Emotion_test_f1: 86.97(max: 99.15)
********************************************************************************
********************************************************************************
Train 4 Epoch4, Evaluate for atepc_datasets/restaurant
ATE_test_f1: 95.06(max:95.6)
Emotion_test_acc: 99.15(max: 99.75) Emotion_test_f1: 96.52(max: 99.15)
********************************************************************************
********************************************************************************
Train 4 Epoch4, Evaluate for atepc_datasets/restaurant
ATE_test_f1: 96.0(max:96.0)
Emotion_test_acc: 99.49(max: 99.75) Emotion_test_f1: 98.26(max: 99.15)
********************************************************************************
********************************************************************************
Train 4 Epoch4, Evaluate for atepc_datasets/restaurant
ATE_test_f1: 95.85(max:96.0)
Emotion_test_acc: 99.66(max: 99.75) Emotion_test_f1: 99.08(max: 99.15)
********************************************************************************
********************************************************************************
Train 4 Epoch4, Evaluate for atepc_datasets/restaurant
ATE_test_f1: 95.89(max:96.0)
Emotion_test_acc: 99.41(max: 99.75) Emotion_test_f1: 97.48(max: 99.15)
********************************************************************************
********************************************************************************
Train 4 Epoch4, Evaluate for atepc_datasets/restaurant
ATE_test_f1: 95.89(max:96.0)
Emotion_test_acc: 99.41(max: 99.75) Emotion_test_f1: 97.45(max: 99.15)
********************************************************************************
################################################################################
Train 4 Epoch5
################################################################################
********************************************************************************
Train 4 Epoch5, Evaluate for atepc_datasets/restaurant
ATE_test_f1: 95.49(max:96.0)
Emotion_test_acc: 99.49(max: 99.75) Emotion_test_f1: 97.55(max: 99.15)
********************************************************************************
********************************************************************************
Train 4 Epoch5, Evaluate for atepc_datasets/restaurant
ATE_test_f1: 95.62(max:96.0)
Emotion_test_acc: 99.75(max: 99.75) Emotion_test_f1: 98.81(max: 99.15)
********************************************************************************
********************************************************************************
Train 4 Epoch5, Evaluate for atepc_datasets/restaurant
ATE_test_f1: 95.8(max:96.0)
Emotion_test_acc: 99.41(max: 99.75) Emotion_test_f1: 97.11(max: 99.15)
********************************************************************************
********************************************************************************
Train 4 Epoch5, Evaluate for atepc_datasets/restaurant
ATE_test_f1: 95.97(max:96.0)
Emotion_test_acc: 99.75(max: 99.75) Emotion_test_f1: 98.81(max: 99.15)
********************************************************************************
********************************************************************************
Train 4 Epoch5, Evaluate for atepc_datasets/restaurant
ATE_test_f1: 95.84(max:96.0)
Emotion_test_acc: 99.92(max: 99.92) Emotion_test_f1: 99.93(max: 99.93)
********************************************************************************
********************************************************************************
Train 4 Epoch5, Evaluate for atepc_datasets/restaurant
ATE_test_f1: 96.12(max:96.12)
Emotion_test_acc: 99.92(max: 99.92) Emotion_test_f1: 99.61(max: 99.93)
********************************************************************************
********************************************************************************
Train 4 Epoch5, Evaluate for atepc_datasets/restaurant
ATE_test_f1: 95.43(max:96.12)
Emotion_test_acc: 99.75(max: 99.92) Emotion_test_f1: 99.15(max: 99.93)
********************************************************************************
********************************************************************************
Train 4 Epoch5, Evaluate for atepc_datasets/restaurant
ATE_test_f1: 95.59(max:96.12)
Emotion_test_acc: 99.49(max: 99.92) Emotion_test_f1: 97.91(max: 99.93)
********************************************************************************
********************************************************************************
Train 4 Epoch5, Evaluate for atepc_datasets/restaurant
ATE_test_f1: 96.07(max:96.12)
Emotion_test_acc: 99.58(max: 99.92) Emotion_test_f1: 98.67(max: 99.93)
********************************************************************************
********************************************************************************
Train 4 Epoch5, Evaluate for atepc_datasets/restaurant
ATE_test_f1: 96.14(max:96.14)
Emotion_test_acc: 99.66(max: 99.92) Emotion_test_f1: 98.74(max: 99.93)
********************************************************************************
********************************************************************************
Train 4 Epoch5, Evaluate for atepc_datasets/restaurant
ATE_test_f1: 96.14(max:96.14)
Emotion_test_acc: 99.49(max: 99.92) Emotion_test_f1: 97.91(max: 99.93)
********************************************************************************
max_ate_test_f1:96.26 	max_emotion_test_acc: 99.92	max_emotion_test_f1: 99.93
No.5 training process of 5
>>> dataset: restaurant
>>> output_dir: output
>>> SRD: 5
>>> learning_rate: 3e-05
>>> use_unique_bert: True
>>> use_bert_spc: False
>>> local_context_focus: fusion
>>> num_train_epochs: 5.0
>>> train_batch_size: 16
>>> dropout: 0.0
>>> max_seq_length: 80
>>> eval_batch_size: 32
>>> eval_steps: 20
>>> gradient_accumulation_steps: 1
>>> config_path: experiments.json
>>> device: cpu
>>> seed: 5
>>> bert_model: bert-base-uncased
>>> data_dir: atepc_datasets/restaurant
***** Running training *****
  Num examples = 3545
  Batch size = 16
  Num steps = 1105
################################################################################
Train 5 Epoch1
################################################################################
################################################################################
Train 5 Epoch2
################################################################################
################################################################################
Train 5 Epoch3
################################################################################
################################################################################
Train 5 Epoch4
################################################################################
********************************************************************************
Train 5 Epoch4, Evaluate for atepc_datasets/restaurant
ATE_test_f1: 94.38(max:94.38)
Emotion_test_acc: 98.65(max: 98.65) Emotion_test_f1: 94.14(max: 94.14)
********************************************************************************
********************************************************************************
Train 5 Epoch4, Evaluate for atepc_datasets/restaurant
ATE_test_f1: 94.51(max:94.51)
Emotion_test_acc: 99.07(max: 99.07) Emotion_test_f1: 95.93(max: 95.93)
********************************************************************************
********************************************************************************
Train 5 Epoch4, Evaluate for atepc_datasets/restaurant
ATE_test_f1: 95.12(max:95.12)
Emotion_test_acc: 98.82(max: 99.07) Emotion_test_f1: 94.12(max: 95.93)
********************************************************************************
********************************************************************************
Train 5 Epoch4, Evaluate for atepc_datasets/restaurant
ATE_test_f1: 95.34(max:95.34)
Emotion_test_acc: 99.07(max: 99.07) Emotion_test_f1: 95.24(max: 95.93)
********************************************************************************
********************************************************************************
Train 5 Epoch4, Evaluate for atepc_datasets/restaurant
ATE_test_f1: 93.89(max:95.34)
Emotion_test_acc: 98.31(max: 99.07) Emotion_test_f1: 91.86(max: 95.93)
********************************************************************************
********************************************************************************
Train 5 Epoch4, Evaluate for atepc_datasets/restaurant
ATE_test_f1: 95.3(max:95.34)
Emotion_test_acc: 99.32(max: 99.32) Emotion_test_f1: 97.41(max: 97.41)
********************************************************************************
********************************************************************************
Train 5 Epoch4, Evaluate for atepc_datasets/restaurant
ATE_test_f1: 94.68(max:95.34)
Emotion_test_acc: 98.05(max: 99.32) Emotion_test_f1: 91.2(max: 97.41)
********************************************************************************
********************************************************************************
Train 5 Epoch4, Evaluate for atepc_datasets/restaurant
ATE_test_f1: 95.74(max:95.74)
Emotion_test_acc: 98.82(max: 99.32) Emotion_test_f1: 94.97(max: 97.41)
********************************************************************************
********************************************************************************
Train 5 Epoch4, Evaluate for atepc_datasets/restaurant
ATE_test_f1: 95.27(max:95.74)
Emotion_test_acc: 98.56(max: 99.32) Emotion_test_f1: 92.82(max: 97.41)
********************************************************************************
********************************************************************************
Train 5 Epoch4, Evaluate for atepc_datasets/restaurant
ATE_test_f1: 89.32(max:95.74)
Emotion_test_acc: 98.73(max: 99.32) Emotion_test_f1: 93.75(max: 97.41)
********************************************************************************
********************************************************************************
Train 5 Epoch4, Evaluate for atepc_datasets/restaurant
ATE_test_f1: 91.17(max:95.74)
Emotion_test_acc: 99.07(max: 99.32) Emotion_test_f1: 95.73(max: 97.41)
********************************************************************************
################################################################################
Train 5 Epoch5
################################################################################
********************************************************************************
Train 5 Epoch5, Evaluate for atepc_datasets/restaurant
ATE_test_f1: 93.25(max:95.74)
Emotion_test_acc: 99.32(max: 99.32) Emotion_test_f1: 96.6(max: 97.41)
********************************************************************************
********************************************************************************
Train 5 Epoch5, Evaluate for atepc_datasets/restaurant
ATE_test_f1: 94.14(max:95.74)
Emotion_test_acc: 99.32(max: 99.32) Emotion_test_f1: 96.7(max: 97.41)
********************************************************************************
********************************************************************************
Train 5 Epoch5, Evaluate for atepc_datasets/restaurant
ATE_test_f1: 95.06(max:95.74)
Emotion_test_acc: 99.24(max: 99.32) Emotion_test_f1: 96.23(max: 97.41)
********************************************************************************
********************************************************************************
Train 5 Epoch5, Evaluate for atepc_datasets/restaurant
ATE_test_f1: 95.08(max:95.74)
Emotion_test_acc: 99.15(max: 99.32) Emotion_test_f1: 96.16(max: 97.41)
********************************************************************************
********************************************************************************
Train 5 Epoch5, Evaluate for atepc_datasets/restaurant
ATE_test_f1: 94.78(max:95.74)
Emotion_test_acc: 99.32(max: 99.32) Emotion_test_f1: 97.04(max: 97.41)
********************************************************************************
********************************************************************************
Train 5 Epoch5, Evaluate for atepc_datasets/restaurant
ATE_test_f1: 95.36(max:95.74)
Emotion_test_acc: 99.83(max: 99.83) Emotion_test_f1: 99.54(max: 99.54)
********************************************************************************
********************************************************************************
Train 5 Epoch5, Evaluate for atepc_datasets/restaurant
ATE_test_f1: 94.87(max:95.74)
Emotion_test_acc: 99.75(max: 99.83) Emotion_test_f1: 99.15(max: 99.54)
********************************************************************************
********************************************************************************
Train 5 Epoch5, Evaluate for atepc_datasets/restaurant
ATE_test_f1: 95.37(max:95.74)
Emotion_test_acc: 99.07(max: 99.83) Emotion_test_f1: 97.56(max: 99.54)
********************************************************************************
********************************************************************************
Train 5 Epoch5, Evaluate for atepc_datasets/restaurant
ATE_test_f1: 95.39(max:95.74)
Emotion_test_acc: 99.49(max: 99.83) Emotion_test_f1: 99.24(max: 99.54)
********************************************************************************
********************************************************************************
Train 5 Epoch5, Evaluate for atepc_datasets/restaurant
ATE_test_f1: 95.42(max:95.74)
Emotion_test_acc: 98.98(max: 99.83) Emotion_test_f1: 95.59(max: 99.54)
********************************************************************************
********************************************************************************
Train 5 Epoch5, Evaluate for atepc_datasets/restaurant
ATE_test_f1: 95.47(max:95.74)
Emotion_test_acc: 99.92(max: 99.92) Emotion_test_f1: 99.61(max: 99.61)
********************************************************************************
max_ate_test_f1:96.26 	max_emotion_test_acc: 99.92	max_emotion_test_f1: 99.93
