log file: logs/241201-024507.log
--------------------------------------------------------------------------------
Config 1 (totally 1 configs)
No.1 training process of 5
>>> dataset: restaurant
>>> output_dir: output
>>> SRD: 5
>>> learning_rate: 3e-05
>>> use_unique_bert: True
>>> use_bert_spc: False
>>> local_context_focus: cdm
>>> num_train_epochs: 5.0
>>> train_batch_size: 16
>>> dropout: 0.0
>>> max_seq_length: 80
>>> eval_batch_size: 32
>>> eval_steps: 20
>>> gradient_accumulation_steps: 1
>>> config_path: experiments.json
>>> device: cpu
>>> seed: 1
>>> bert_model: bert-base-uncased
>>> data_dir: atepc_datasets/restaurant
***** Running training *****
  Num examples = 3545
  Batch size = 16
  Num steps = 1105
################################################################################
Train 1 Epoch1
################################################################################
################################################################################
Train 1 Epoch2
################################################################################
################################################################################
Train 1 Epoch3
################################################################################
################################################################################
Train 1 Epoch4
################################################################################
********************************************************************************
Train 1 Epoch4, Evaluate for atepc_datasets/restaurant
ATE_test_f1: 93.97(max:93.97)
Emotion_test_acc: 88.49(max: 88.49) Emotion_test_f1: 64.63(max: 64.63)
********************************************************************************
********************************************************************************
Train 1 Epoch4, Evaluate for atepc_datasets/restaurant
ATE_test_f1: 94.42(max:94.42)
Emotion_test_acc: 88.24(max: 88.49) Emotion_test_f1: 66.88(max: 66.88)
********************************************************************************
********************************************************************************
Train 1 Epoch4, Evaluate for atepc_datasets/restaurant
ATE_test_f1: 94.65(max:94.65)
Emotion_test_acc: 87.56(max: 88.49) Emotion_test_f1: 67.11(max: 67.11)
********************************************************************************
********************************************************************************
Train 1 Epoch4, Evaluate for atepc_datasets/restaurant
ATE_test_f1: 94.25(max:94.65)
Emotion_test_acc: 88.41(max: 88.49) Emotion_test_f1: 68.02(max: 68.02)
********************************************************************************
********************************************************************************
Train 1 Epoch4, Evaluate for atepc_datasets/restaurant
ATE_test_f1: 93.34(max:94.65)
Emotion_test_acc: 88.75(max: 88.75) Emotion_test_f1: 65.14(max: 68.02)
********************************************************************************
********************************************************************************
Train 1 Epoch4, Evaluate for atepc_datasets/restaurant
ATE_test_f1: 94.48(max:94.65)
Emotion_test_acc: 87.73(max: 88.75) Emotion_test_f1: 68.58(max: 68.58)
********************************************************************************
********************************************************************************
Train 1 Epoch4, Evaluate for atepc_datasets/restaurant
ATE_test_f1: 93.72(max:94.65)
Emotion_test_acc: 88.92(max: 88.92) Emotion_test_f1: 68.57(max: 68.58)
********************************************************************************
********************************************************************************
Train 1 Epoch4, Evaluate for atepc_datasets/restaurant
ATE_test_f1: 94.95(max:94.95)
Emotion_test_acc: 86.55(max: 88.92) Emotion_test_f1: 67.01(max: 68.58)
********************************************************************************
********************************************************************************
Train 1 Epoch4, Evaluate for atepc_datasets/restaurant
ATE_test_f1: 93.93(max:94.95)
Emotion_test_acc: 87.9(max: 88.92) Emotion_test_f1: 61.55(max: 68.58)
********************************************************************************
********************************************************************************
Train 1 Epoch4, Evaluate for atepc_datasets/restaurant
ATE_test_f1: 94.78(max:94.95)
Emotion_test_acc: 89.76(max: 89.76) Emotion_test_f1: 71.64(max: 71.64)
********************************************************************************
********************************************************************************
Train 1 Epoch4, Evaluate for atepc_datasets/restaurant
ATE_test_f1: 95.04(max:95.04)
Emotion_test_acc: 84.18(max: 89.76) Emotion_test_f1: 64.1(max: 71.64)
********************************************************************************
################################################################################
Train 1 Epoch5
################################################################################
********************************************************************************
Train 1 Epoch5, Evaluate for atepc_datasets/restaurant
ATE_test_f1: 94.6(max:95.04)
Emotion_test_acc: 89.51(max: 89.76) Emotion_test_f1: 70.23(max: 71.64)
********************************************************************************
********************************************************************************
Train 1 Epoch5, Evaluate for atepc_datasets/restaurant
ATE_test_f1: 94.76(max:95.04)
Emotion_test_acc: 89.0(max: 89.76) Emotion_test_f1: 71.77(max: 71.77)
********************************************************************************
********************************************************************************
Train 1 Epoch5, Evaluate for atepc_datasets/restaurant
ATE_test_f1: 94.96(max:95.04)
Emotion_test_acc: 89.0(max: 89.76) Emotion_test_f1: 67.24(max: 71.77)
********************************************************************************
********************************************************************************
Train 1 Epoch5, Evaluate for atepc_datasets/restaurant
ATE_test_f1: 95.31(max:95.31)
Emotion_test_acc: 86.97(max: 89.76) Emotion_test_f1: 68.39(max: 71.77)
********************************************************************************
********************************************************************************
Train 1 Epoch5, Evaluate for atepc_datasets/restaurant
ATE_test_f1: 95.23(max:95.31)
Emotion_test_acc: 88.66(max: 89.76) Emotion_test_f1: 73.33(max: 73.33)
********************************************************************************
********************************************************************************
Train 1 Epoch5, Evaluate for atepc_datasets/restaurant
ATE_test_f1: 94.97(max:95.31)
Emotion_test_acc: 88.58(max: 89.76) Emotion_test_f1: 73.04(max: 73.33)
********************************************************************************
********************************************************************************
Train 1 Epoch5, Evaluate for atepc_datasets/restaurant
ATE_test_f1: 95.26(max:95.31)
Emotion_test_acc: 89.93(max: 89.93) Emotion_test_f1: 75.14(max: 75.14)
********************************************************************************
********************************************************************************
Train 1 Epoch5, Evaluate for atepc_datasets/restaurant
ATE_test_f1: 95.4(max:95.4)
Emotion_test_acc: 88.75(max: 89.93) Emotion_test_f1: 72.34(max: 75.14)
********************************************************************************
********************************************************************************
Train 1 Epoch5, Evaluate for atepc_datasets/restaurant
ATE_test_f1: 94.9(max:95.4)
Emotion_test_acc: 90.27(max: 90.27) Emotion_test_f1: 75.37(max: 75.37)
********************************************************************************
********************************************************************************
Train 1 Epoch5, Evaluate for atepc_datasets/restaurant
ATE_test_f1: 95.67(max:95.67)
Emotion_test_acc: 89.42(max: 90.27) Emotion_test_f1: 74.61(max: 75.37)
********************************************************************************
********************************************************************************
Train 1 Epoch5, Evaluate for atepc_datasets/restaurant
ATE_test_f1: 95.33(max:95.67)
Emotion_test_acc: 84.6(max: 90.27) Emotion_test_f1: 69.26(max: 75.37)
********************************************************************************
max_ate_test_f1:95.67 	max_emotion_test_acc: 90.27	max_emotion_test_f1: 75.37
No.2 training process of 5
>>> dataset: restaurant
>>> output_dir: output
>>> SRD: 5
>>> learning_rate: 3e-05
>>> use_unique_bert: True
>>> use_bert_spc: False
>>> local_context_focus: cdm
>>> num_train_epochs: 5.0
>>> train_batch_size: 16
>>> dropout: 0.0
>>> max_seq_length: 80
>>> eval_batch_size: 32
>>> eval_steps: 20
>>> gradient_accumulation_steps: 1
>>> config_path: experiments.json
>>> device: cpu
>>> seed: 2
>>> bert_model: bert-base-uncased
>>> data_dir: atepc_datasets/restaurant
***** Running training *****
  Num examples = 3545
  Batch size = 16
  Num steps = 1105
################################################################################
Train 2 Epoch1
################################################################################
################################################################################
Train 2 Epoch2
################################################################################
################################################################################
Train 2 Epoch3
################################################################################
################################################################################
Train 2 Epoch4
################################################################################
********************************************************************************
Train 2 Epoch4, Evaluate for atepc_datasets/restaurant
ATE_test_f1: 94.46(max:94.46)
Emotion_test_acc: 89.42(max: 89.42) Emotion_test_f1: 70.57(max: 70.57)
********************************************************************************
********************************************************************************
Train 2 Epoch4, Evaluate for atepc_datasets/restaurant
ATE_test_f1: 94.23(max:94.46)
Emotion_test_acc: 89.42(max: 89.42) Emotion_test_f1: 72.23(max: 72.23)
********************************************************************************
********************************************************************************
Train 2 Epoch4, Evaluate for atepc_datasets/restaurant
ATE_test_f1: 94.75(max:94.75)
Emotion_test_acc: 89.51(max: 89.51) Emotion_test_f1: 73.96(max: 73.96)
********************************************************************************
********************************************************************************
Train 2 Epoch4, Evaluate for atepc_datasets/restaurant
ATE_test_f1: 94.87(max:94.87)
Emotion_test_acc: 89.68(max: 89.68) Emotion_test_f1: 74.3(max: 74.3)
********************************************************************************
********************************************************************************
Train 2 Epoch4, Evaluate for atepc_datasets/restaurant
ATE_test_f1: 94.56(max:94.87)
Emotion_test_acc: 89.76(max: 89.76) Emotion_test_f1: 73.01(max: 74.3)
********************************************************************************
********************************************************************************
Train 2 Epoch4, Evaluate for atepc_datasets/restaurant
ATE_test_f1: 94.78(max:94.87)
Emotion_test_acc: 89.26(max: 89.76) Emotion_test_f1: 72.54(max: 74.3)
********************************************************************************
********************************************************************************
Train 2 Epoch4, Evaluate for atepc_datasets/restaurant
ATE_test_f1: 94.31(max:94.87)
Emotion_test_acc: 89.26(max: 89.76) Emotion_test_f1: 73.16(max: 74.3)
********************************************************************************
********************************************************************************
Train 2 Epoch4, Evaluate for atepc_datasets/restaurant
ATE_test_f1: 94.78(max:94.87)
Emotion_test_acc: 87.65(max: 89.76) Emotion_test_f1: 69.57(max: 74.3)
********************************************************************************
********************************************************************************
Train 2 Epoch4, Evaluate for atepc_datasets/restaurant
ATE_test_f1: 94.7(max:94.87)
Emotion_test_acc: 88.83(max: 89.76) Emotion_test_f1: 69.97(max: 74.3)
********************************************************************************
********************************************************************************
Train 2 Epoch4, Evaluate for atepc_datasets/restaurant
ATE_test_f1: 95.29(max:95.29)
Emotion_test_acc: 89.85(max: 89.85) Emotion_test_f1: 76.18(max: 76.18)
********************************************************************************
********************************************************************************
Train 2 Epoch4, Evaluate for atepc_datasets/restaurant
ATE_test_f1: 95.42(max:95.42)
Emotion_test_acc: 82.83(max: 89.85) Emotion_test_f1: 67.1(max: 76.18)
********************************************************************************
################################################################################
Train 2 Epoch5
################################################################################
********************************************************************************
Train 2 Epoch5, Evaluate for atepc_datasets/restaurant
ATE_test_f1: 95.12(max:95.42)
Emotion_test_acc: 88.41(max: 89.85) Emotion_test_f1: 71.12(max: 76.18)
********************************************************************************
********************************************************************************
Train 2 Epoch5, Evaluate for atepc_datasets/restaurant
ATE_test_f1: 95.08(max:95.42)
Emotion_test_acc: 88.24(max: 89.85) Emotion_test_f1: 73.75(max: 76.18)
********************************************************************************
********************************************************************************
Train 2 Epoch5, Evaluate for atepc_datasets/restaurant
ATE_test_f1: 95.4(max:95.42)
Emotion_test_acc: 89.76(max: 89.85) Emotion_test_f1: 75.39(max: 76.18)
********************************************************************************
********************************************************************************
Train 2 Epoch5, Evaluate for atepc_datasets/restaurant
ATE_test_f1: 95.14(max:95.42)
Emotion_test_acc: 88.83(max: 89.85) Emotion_test_f1: 73.5(max: 76.18)
********************************************************************************
********************************************************************************
Train 2 Epoch5, Evaluate for atepc_datasets/restaurant
ATE_test_f1: 94.91(max:95.42)
Emotion_test_acc: 88.16(max: 89.85) Emotion_test_f1: 74.47(max: 76.18)
********************************************************************************
********************************************************************************
Train 2 Epoch5, Evaluate for atepc_datasets/restaurant
ATE_test_f1: 95.05(max:95.42)
Emotion_test_acc: 86.55(max: 89.85) Emotion_test_f1: 70.47(max: 76.18)
********************************************************************************
********************************************************************************
Train 2 Epoch5, Evaluate for atepc_datasets/restaurant
ATE_test_f1: 94.67(max:95.42)
Emotion_test_acc: 85.7(max: 89.85) Emotion_test_f1: 72.4(max: 76.18)
********************************************************************************
********************************************************************************
Train 2 Epoch5, Evaluate for atepc_datasets/restaurant
ATE_test_f1: 95.29(max:95.42)
Emotion_test_acc: 86.72(max: 89.85) Emotion_test_f1: 70.02(max: 76.18)
********************************************************************************
********************************************************************************
Train 2 Epoch5, Evaluate for atepc_datasets/restaurant
ATE_test_f1: 95.28(max:95.42)
Emotion_test_acc: 88.58(max: 89.85) Emotion_test_f1: 74.54(max: 76.18)
********************************************************************************
********************************************************************************
Train 2 Epoch5, Evaluate for atepc_datasets/restaurant
ATE_test_f1: 95.46(max:95.46)
Emotion_test_acc: 87.65(max: 89.85) Emotion_test_f1: 73.97(max: 76.18)
********************************************************************************
********************************************************************************
Train 2 Epoch5, Evaluate for atepc_datasets/restaurant
ATE_test_f1: 95.25(max:95.46)
Emotion_test_acc: 89.0(max: 89.85) Emotion_test_f1: 76.91(max: 76.91)
********************************************************************************
max_ate_test_f1:95.67 	max_emotion_test_acc: 90.27	max_emotion_test_f1: 76.91
No.3 training process of 5
>>> dataset: restaurant
>>> output_dir: output
>>> SRD: 5
>>> learning_rate: 3e-05
>>> use_unique_bert: True
>>> use_bert_spc: False
>>> local_context_focus: cdm
>>> num_train_epochs: 5.0
>>> train_batch_size: 16
>>> dropout: 0.0
>>> max_seq_length: 80
>>> eval_batch_size: 32
>>> eval_steps: 20
>>> gradient_accumulation_steps: 1
>>> config_path: experiments.json
>>> device: cpu
>>> seed: 3
>>> bert_model: bert-base-uncased
>>> data_dir: atepc_datasets/restaurant
***** Running training *****
  Num examples = 3545
  Batch size = 16
  Num steps = 1105
################################################################################
Train 3 Epoch1
################################################################################
################################################################################
Train 3 Epoch2
################################################################################
################################################################################
Train 3 Epoch3
################################################################################
################################################################################
Train 3 Epoch4
################################################################################
********************************************************************************
Train 3 Epoch4, Evaluate for atepc_datasets/restaurant
ATE_test_f1: 93.75(max:93.75)
Emotion_test_acc: 88.66(max: 88.66) Emotion_test_f1: 64.45(max: 64.45)
********************************************************************************
********************************************************************************
Train 3 Epoch4, Evaluate for atepc_datasets/restaurant
ATE_test_f1: 93.79(max:93.79)
Emotion_test_acc: 89.17(max: 89.17) Emotion_test_f1: 70.57(max: 70.57)
********************************************************************************
********************************************************************************
Train 3 Epoch4, Evaluate for atepc_datasets/restaurant
ATE_test_f1: 94.17(max:94.17)
Emotion_test_acc: 89.17(max: 89.17) Emotion_test_f1: 64.65(max: 70.57)
********************************************************************************
********************************************************************************
Train 3 Epoch4, Evaluate for atepc_datasets/restaurant
ATE_test_f1: 94.6(max:94.6)
Emotion_test_acc: 89.34(max: 89.34) Emotion_test_f1: 70.09(max: 70.57)
********************************************************************************
********************************************************************************
Train 3 Epoch4, Evaluate for atepc_datasets/restaurant
ATE_test_f1: 94.57(max:94.6)
Emotion_test_acc: 89.68(max: 89.68) Emotion_test_f1: 73.88(max: 73.88)
********************************************************************************
********************************************************************************
Train 3 Epoch4, Evaluate for atepc_datasets/restaurant
ATE_test_f1: 94.41(max:94.6)
Emotion_test_acc: 88.07(max: 89.68) Emotion_test_f1: 68.44(max: 73.88)
********************************************************************************
********************************************************************************
Train 3 Epoch4, Evaluate for atepc_datasets/restaurant
ATE_test_f1: 94.05(max:94.6)
Emotion_test_acc: 88.75(max: 89.68) Emotion_test_f1: 69.67(max: 73.88)
********************************************************************************
********************************************************************************
Train 3 Epoch4, Evaluate for atepc_datasets/restaurant
ATE_test_f1: 94.31(max:94.6)
Emotion_test_acc: 86.8(max: 89.68) Emotion_test_f1: 67.34(max: 73.88)
********************************************************************************
********************************************************************************
Train 3 Epoch4, Evaluate for atepc_datasets/restaurant
ATE_test_f1: 94.44(max:94.6)
Emotion_test_acc: 89.85(max: 89.85) Emotion_test_f1: 72.31(max: 73.88)
********************************************************************************
********************************************************************************
Train 3 Epoch4, Evaluate for atepc_datasets/restaurant
ATE_test_f1: 94.85(max:94.85)
Emotion_test_acc: 88.92(max: 89.85) Emotion_test_f1: 72.49(max: 73.88)
********************************************************************************
********************************************************************************
Train 3 Epoch4, Evaluate for atepc_datasets/restaurant
ATE_test_f1: 95.01(max:95.01)
Emotion_test_acc: 73.69(max: 89.85) Emotion_test_f1: 58.59(max: 73.88)
********************************************************************************
################################################################################
Train 3 Epoch5
################################################################################
********************************************************************************
Train 3 Epoch5, Evaluate for atepc_datasets/restaurant
ATE_test_f1: 94.24(max:95.01)
Emotion_test_acc: 87.99(max: 89.85) Emotion_test_f1: 58.72(max: 73.88)
********************************************************************************
********************************************************************************
Train 3 Epoch5, Evaluate for atepc_datasets/restaurant
ATE_test_f1: 95.62(max:95.62)
Emotion_test_acc: 86.46(max: 89.85) Emotion_test_f1: 67.08(max: 73.88)
********************************************************************************
********************************************************************************
Train 3 Epoch5, Evaluate for atepc_datasets/restaurant
ATE_test_f1: 95.11(max:95.62)
Emotion_test_acc: 89.85(max: 89.85) Emotion_test_f1: 74.48(max: 74.48)
********************************************************************************
********************************************************************************
Train 3 Epoch5, Evaluate for atepc_datasets/restaurant
ATE_test_f1: 95.3(max:95.62)
Emotion_test_acc: 89.34(max: 89.85) Emotion_test_f1: 74.22(max: 74.48)
********************************************************************************
********************************************************************************
Train 3 Epoch5, Evaluate for atepc_datasets/restaurant
ATE_test_f1: 95.33(max:95.62)
Emotion_test_acc: 88.24(max: 89.85) Emotion_test_f1: 70.99(max: 74.48)
********************************************************************************
********************************************************************************
Train 3 Epoch5, Evaluate for atepc_datasets/restaurant
ATE_test_f1: 95.3(max:95.62)
Emotion_test_acc: 86.21(max: 89.85) Emotion_test_f1: 66.49(max: 74.48)
********************************************************************************
********************************************************************************
Train 3 Epoch5, Evaluate for atepc_datasets/restaurant
ATE_test_f1: 94.86(max:95.62)
Emotion_test_acc: 87.73(max: 89.85) Emotion_test_f1: 70.51(max: 74.48)
********************************************************************************
********************************************************************************
Train 3 Epoch5, Evaluate for atepc_datasets/restaurant
ATE_test_f1: 95.07(max:95.62)
Emotion_test_acc: 85.36(max: 89.85) Emotion_test_f1: 65.86(max: 74.48)
********************************************************************************
********************************************************************************
Train 3 Epoch5, Evaluate for atepc_datasets/restaurant
ATE_test_f1: 95.32(max:95.62)
Emotion_test_acc: 89.42(max: 89.85) Emotion_test_f1: 64.93(max: 74.48)
********************************************************************************
********************************************************************************
Train 3 Epoch5, Evaluate for atepc_datasets/restaurant
ATE_test_f1: 95.68(max:95.68)
Emotion_test_acc: 89.42(max: 89.85) Emotion_test_f1: 73.84(max: 74.48)
********************************************************************************
********************************************************************************
Train 3 Epoch5, Evaluate for atepc_datasets/restaurant
ATE_test_f1: 95.42(max:95.68)
Emotion_test_acc: 83.84(max: 89.85) Emotion_test_f1: 66.78(max: 74.48)
********************************************************************************
max_ate_test_f1:95.68 	max_emotion_test_acc: 90.27	max_emotion_test_f1: 76.91
No.4 training process of 5
>>> dataset: restaurant
>>> output_dir: output
>>> SRD: 5
>>> learning_rate: 3e-05
>>> use_unique_bert: True
>>> use_bert_spc: False
>>> local_context_focus: cdm
>>> num_train_epochs: 5.0
>>> train_batch_size: 16
>>> dropout: 0.0
>>> max_seq_length: 80
>>> eval_batch_size: 32
>>> eval_steps: 20
>>> gradient_accumulation_steps: 1
>>> config_path: experiments.json
>>> device: cpu
>>> seed: 4
>>> bert_model: bert-base-uncased
>>> data_dir: atepc_datasets/restaurant
***** Running training *****
  Num examples = 3545
  Batch size = 16
  Num steps = 1105
################################################################################
Train 4 Epoch1
################################################################################
################################################################################
Train 4 Epoch2
################################################################################
################################################################################
Train 4 Epoch3
################################################################################
################################################################################
Train 4 Epoch4
################################################################################
********************************************************************************
Train 4 Epoch4, Evaluate for atepc_datasets/restaurant
ATE_test_f1: 94.69(max:94.69)
Emotion_test_acc: 88.24(max: 88.24) Emotion_test_f1: 61.73(max: 61.73)
********************************************************************************
********************************************************************************
Train 4 Epoch4, Evaluate for atepc_datasets/restaurant
ATE_test_f1: 94.86(max:94.86)
Emotion_test_acc: 89.85(max: 89.85) Emotion_test_f1: 67.9(max: 67.9)
********************************************************************************
********************************************************************************
Train 4 Epoch4, Evaluate for atepc_datasets/restaurant
ATE_test_f1: 94.86(max:94.86)
Emotion_test_acc: 88.66(max: 89.85) Emotion_test_f1: 67.58(max: 67.9)
********************************************************************************
********************************************************************************
Train 4 Epoch4, Evaluate for atepc_datasets/restaurant
ATE_test_f1: 94.79(max:94.86)
Emotion_test_acc: 88.49(max: 89.85) Emotion_test_f1: 67.18(max: 67.9)
********************************************************************************
********************************************************************************
Train 4 Epoch4, Evaluate for atepc_datasets/restaurant
ATE_test_f1: 95.16(max:95.16)
Emotion_test_acc: 88.16(max: 89.85) Emotion_test_f1: 69.97(max: 69.97)
********************************************************************************
********************************************************************************
Train 4 Epoch4, Evaluate for atepc_datasets/restaurant
ATE_test_f1: 95.7(max:95.7)
Emotion_test_acc: 88.66(max: 89.85) Emotion_test_f1: 70.31(max: 70.31)
********************************************************************************
********************************************************************************
Train 4 Epoch4, Evaluate for atepc_datasets/restaurant
ATE_test_f1: 95.23(max:95.7)
Emotion_test_acc: 89.42(max: 89.85) Emotion_test_f1: 72.08(max: 72.08)
********************************************************************************
********************************************************************************
Train 4 Epoch4, Evaluate for atepc_datasets/restaurant
ATE_test_f1: 95.69(max:95.7)
Emotion_test_acc: 89.09(max: 89.85) Emotion_test_f1: 71.61(max: 72.08)
********************************************************************************
********************************************************************************
Train 4 Epoch4, Evaluate for atepc_datasets/restaurant
ATE_test_f1: 95.04(max:95.7)
Emotion_test_acc: 89.51(max: 89.85) Emotion_test_f1: 73.14(max: 73.14)
********************************************************************************
********************************************************************************
Train 4 Epoch4, Evaluate for atepc_datasets/restaurant
ATE_test_f1: 95.6(max:95.7)
Emotion_test_acc: 89.76(max: 89.85) Emotion_test_f1: 73.55(max: 73.55)
********************************************************************************
********************************************************************************
Train 4 Epoch4, Evaluate for atepc_datasets/restaurant
ATE_test_f1: 95.52(max:95.7)
Emotion_test_acc: 83.59(max: 89.85) Emotion_test_f1: 67.28(max: 73.55)
********************************************************************************
################################################################################
Train 4 Epoch5
################################################################################
********************************************************************************
Train 4 Epoch5, Evaluate for atepc_datasets/restaurant
ATE_test_f1: 95.5(max:95.7)
Emotion_test_acc: 88.75(max: 89.85) Emotion_test_f1: 71.71(max: 73.55)
********************************************************************************
********************************************************************************
Train 4 Epoch5, Evaluate for atepc_datasets/restaurant
ATE_test_f1: 95.84(max:95.84)
Emotion_test_acc: 88.83(max: 89.85) Emotion_test_f1: 71.25(max: 73.55)
********************************************************************************
********************************************************************************
Train 4 Epoch5, Evaluate for atepc_datasets/restaurant
ATE_test_f1: 95.55(max:95.84)
Emotion_test_acc: 89.93(max: 89.93) Emotion_test_f1: 73.42(max: 73.55)
********************************************************************************
********************************************************************************
Train 4 Epoch5, Evaluate for atepc_datasets/restaurant
ATE_test_f1: 95.57(max:95.84)
Emotion_test_acc: 89.09(max: 89.93) Emotion_test_f1: 74.06(max: 74.06)
********************************************************************************
********************************************************************************
Train 4 Epoch5, Evaluate for atepc_datasets/restaurant
ATE_test_f1: 95.19(max:95.84)
Emotion_test_acc: 89.0(max: 89.93) Emotion_test_f1: 72.83(max: 74.06)
********************************************************************************
********************************************************************************
Train 4 Epoch5, Evaluate for atepc_datasets/restaurant
ATE_test_f1: 95.37(max:95.84)
Emotion_test_acc: 87.56(max: 89.93) Emotion_test_f1: 70.55(max: 74.06)
********************************************************************************
********************************************************************************
Train 4 Epoch5, Evaluate for atepc_datasets/restaurant
ATE_test_f1: 95.23(max:95.84)
Emotion_test_acc: 86.8(max: 89.93) Emotion_test_f1: 70.42(max: 74.06)
********************************************************************************
********************************************************************************
Train 4 Epoch5, Evaluate for atepc_datasets/restaurant
ATE_test_f1: 95.91(max:95.91)
Emotion_test_acc: 88.16(max: 89.93) Emotion_test_f1: 71.57(max: 74.06)
********************************************************************************
********************************************************************************
Train 4 Epoch5, Evaluate for atepc_datasets/restaurant
ATE_test_f1: 95.75(max:95.91)
Emotion_test_acc: 89.59(max: 89.93) Emotion_test_f1: 76.07(max: 76.07)
********************************************************************************
********************************************************************************
Train 4 Epoch5, Evaluate for atepc_datasets/restaurant
ATE_test_f1: 95.97(max:95.97)
Emotion_test_acc: 86.8(max: 89.93) Emotion_test_f1: 70.36(max: 76.07)
********************************************************************************
********************************************************************************
Train 4 Epoch5, Evaluate for atepc_datasets/restaurant
ATE_test_f1: 95.92(max:95.97)
Emotion_test_acc: 88.32(max: 89.93) Emotion_test_f1: 74.46(max: 76.07)
********************************************************************************
max_ate_test_f1:95.97 	max_emotion_test_acc: 90.27	max_emotion_test_f1: 76.91
No.5 training process of 5
>>> dataset: restaurant
>>> output_dir: output
>>> SRD: 5
>>> learning_rate: 3e-05
>>> use_unique_bert: True
>>> use_bert_spc: False
>>> local_context_focus: cdm
>>> num_train_epochs: 5.0
>>> train_batch_size: 16
>>> dropout: 0.0
>>> max_seq_length: 80
>>> eval_batch_size: 32
>>> eval_steps: 20
>>> gradient_accumulation_steps: 1
>>> config_path: experiments.json
>>> device: cpu
>>> seed: 5
>>> bert_model: bert-base-uncased
>>> data_dir: atepc_datasets/restaurant
***** Running training *****
  Num examples = 3545
  Batch size = 16
  Num steps = 1105
################################################################################
Train 5 Epoch1
################################################################################
################################################################################
Train 5 Epoch2
################################################################################
################################################################################
Train 5 Epoch3
################################################################################
################################################################################
Train 5 Epoch4
################################################################################
********************************************************************************
Train 5 Epoch4, Evaluate for atepc_datasets/restaurant
ATE_test_f1: 94.14(max:94.14)
Emotion_test_acc: 89.26(max: 89.26) Emotion_test_f1: 62.44(max: 62.44)
********************************************************************************
********************************************************************************
Train 5 Epoch4, Evaluate for atepc_datasets/restaurant
ATE_test_f1: 94.18(max:94.18)
Emotion_test_acc: 88.66(max: 89.26) Emotion_test_f1: 67.05(max: 67.05)
********************************************************************************
********************************************************************************
Train 5 Epoch4, Evaluate for atepc_datasets/restaurant
ATE_test_f1: 94.82(max:94.82)
Emotion_test_acc: 90.02(max: 90.02) Emotion_test_f1: 71.47(max: 71.47)
********************************************************************************
********************************************************************************
Train 5 Epoch4, Evaluate for atepc_datasets/restaurant
ATE_test_f1: 94.61(max:94.82)
Emotion_test_acc: 88.83(max: 90.02) Emotion_test_f1: 69.17(max: 71.47)
********************************************************************************
********************************************************************************
Train 5 Epoch4, Evaluate for atepc_datasets/restaurant
ATE_test_f1: 94.91(max:94.91)
Emotion_test_acc: 89.34(max: 90.02) Emotion_test_f1: 67.2(max: 71.47)
********************************************************************************
********************************************************************************
Train 5 Epoch4, Evaluate for atepc_datasets/restaurant
ATE_test_f1: 95.15(max:95.15)
Emotion_test_acc: 88.66(max: 90.02) Emotion_test_f1: 70.58(max: 71.47)
********************************************************************************
********************************************************************************
Train 5 Epoch4, Evaluate for atepc_datasets/restaurant
ATE_test_f1: 95.23(max:95.23)
Emotion_test_acc: 89.09(max: 90.02) Emotion_test_f1: 72.22(max: 72.22)
********************************************************************************
********************************************************************************
Train 5 Epoch4, Evaluate for atepc_datasets/restaurant
ATE_test_f1: 95.19(max:95.23)
Emotion_test_acc: 88.16(max: 90.02) Emotion_test_f1: 71.04(max: 72.22)
********************************************************************************
********************************************************************************
Train 5 Epoch4, Evaluate for atepc_datasets/restaurant
ATE_test_f1: 94.77(max:95.23)
Emotion_test_acc: 89.0(max: 90.02) Emotion_test_f1: 68.18(max: 72.22)
********************************************************************************
********************************************************************************
Train 5 Epoch4, Evaluate for atepc_datasets/restaurant
ATE_test_f1: 95.53(max:95.53)
Emotion_test_acc: 89.42(max: 90.02) Emotion_test_f1: 73.46(max: 73.46)
********************************************************************************
********************************************************************************
Train 5 Epoch4, Evaluate for atepc_datasets/restaurant
ATE_test_f1: 95.49(max:95.53)
Emotion_test_acc: 85.28(max: 90.02) Emotion_test_f1: 67.78(max: 73.46)
********************************************************************************
################################################################################
Train 5 Epoch5
################################################################################
********************************************************************************
Train 5 Epoch5, Evaluate for atepc_datasets/restaurant
ATE_test_f1: 95.46(max:95.53)
Emotion_test_acc: 90.1(max: 90.1) Emotion_test_f1: 73.99(max: 73.99)
********************************************************************************
********************************************************************************
Train 5 Epoch5, Evaluate for atepc_datasets/restaurant
ATE_test_f1: 95.6(max:95.6)
Emotion_test_acc: 89.51(max: 90.1) Emotion_test_f1: 73.82(max: 73.99)
********************************************************************************
********************************************************************************
Train 5 Epoch5, Evaluate for atepc_datasets/restaurant
ATE_test_f1: 95.49(max:95.6)
Emotion_test_acc: 89.85(max: 90.1) Emotion_test_f1: 73.05(max: 73.99)
********************************************************************************
********************************************************************************
Train 5 Epoch5, Evaluate for atepc_datasets/restaurant
ATE_test_f1: 95.84(max:95.84)
Emotion_test_acc: 89.85(max: 90.1) Emotion_test_f1: 74.31(max: 74.31)
********************************************************************************
********************************************************************************
Train 5 Epoch5, Evaluate for atepc_datasets/restaurant
ATE_test_f1: 95.66(max:95.84)
Emotion_test_acc: 89.42(max: 90.1) Emotion_test_f1: 75.81(max: 75.81)
********************************************************************************
********************************************************************************
Train 5 Epoch5, Evaluate for atepc_datasets/restaurant
ATE_test_f1: 95.58(max:95.84)
Emotion_test_acc: 87.56(max: 90.1) Emotion_test_f1: 71.11(max: 75.81)
********************************************************************************
********************************************************************************
Train 5 Epoch5, Evaluate for atepc_datasets/restaurant
ATE_test_f1: 94.65(max:95.84)
Emotion_test_acc: 87.06(max: 90.1) Emotion_test_f1: 70.24(max: 75.81)
********************************************************************************
********************************************************************************
Train 5 Epoch5, Evaluate for atepc_datasets/restaurant
ATE_test_f1: 95.95(max:95.95)
Emotion_test_acc: 87.48(max: 90.1) Emotion_test_f1: 69.36(max: 75.81)
********************************************************************************
********************************************************************************
Train 5 Epoch5, Evaluate for atepc_datasets/restaurant
ATE_test_f1: 95.48(max:95.95)
Emotion_test_acc: 89.59(max: 90.1) Emotion_test_f1: 73.6(max: 75.81)
********************************************************************************
********************************************************************************
Train 5 Epoch5, Evaluate for atepc_datasets/restaurant
ATE_test_f1: 95.58(max:95.95)
Emotion_test_acc: 88.41(max: 90.1) Emotion_test_f1: 71.25(max: 75.81)
********************************************************************************
********************************************************************************
Train 5 Epoch5, Evaluate for atepc_datasets/restaurant
ATE_test_f1: 95.7(max:95.95)
Emotion_test_acc: 87.82(max: 90.1) Emotion_test_f1: 72.75(max: 75.81)
********************************************************************************
max_ate_test_f1:95.97 	max_emotion_test_acc: 90.27	max_emotion_test_f1: 76.91
